2025-10-09 23:13:52,085 - root - INFO - Utilizando como base do fine tuning o modelo: inception_v3
2025-10-09 23:13:52,135 - root - INFO - CUDA disponível. Usando GPU para treinamento.
2025-10-09 23:13:52,135 - root - INFO - Carregando conjunto de treino CIFAR10
2025-10-09 23:13:52,817 - root - INFO - Carregando conjunto de teste CIFAR10
2025-10-09 23:13:53,091 - root - INFO - Tamanho do lote: 32
2025-10-09 23:13:53,091 - root - INFO - Número de classes: 10
2025-10-09 23:13:53,475 - root - INFO - [ÉPOCA 1] Iniciando a execução do modelo (treino e teste)
2025-10-09 23:13:53,475 - root - INFO - [ÉPOCA 1] Iniciando treinamento do modelo CNN
2025-10-09 23:20:53,092 - root - INFO - [ÉPOCA 1] Treinamento concluído em 419.6153106689453
2025-10-09 23:20:53,093 - root - INFO - [ÉPOCA 1] Erro do treino: 0.4195971111632926
2025-10-09 23:20:53,093 - root - INFO - [ÉPOCA 1] Iniciando teste do modelo CNN
2025-10-09 23:21:31,881 - root - INFO - [ÉPOCA 1] Teste concluído em 38.78774952888489
2025-10-09 23:21:31,881 - root - INFO - [ÉPOCA 1] Erro do teste: 0.24891008425968142
2025-10-09 23:21:31,881 - root - INFO - [ÉPOCA 1] Calculando métricas de desempenho
2025-10-09 23:21:31,888 - root - INFO - 
---------- Métricas ----------
2025-10-09 23:21:31,888 - root - INFO - Accuracy: 0.9161
2025-10-09 23:21:31,888 - root - INFO - Precisão: 0.9166402490901577
2025-10-09 23:21:31,888 - root - INFO - Recall: 0.9160999999999999
2025-10-09 23:21:31,888 - root - INFO - F1: 0.915899754407336
2025-10-09 23:21:31,889 - root - INFO - Matriz de confusão:
[[932   2  14   0   4   0   2   4  33   9]
 [  5 969   0   1   0   0   0   0   5  20]
 [ 36   0 905  15  20  12   6   2   1   3]
 [ 16   2  22 815  31  85   8   7   4  10]
 [  7   0   8   4 962   8   3   5   2   1]
 [  5   1  18  68  22 858   5  19   0   4]
 [  6   1  14  24  26   4 920   0   5   0]
 [  7   0  10   6  28  13   3 931   1   1]
 [ 29  10   3   1   0   0   1   1 937  18]
 [ 17  41   0   1   0   0   0   0   9 932]]
2025-10-09 23:21:31,889 - root - INFO - [ÉPOCA 2] Iniciando a execução do modelo (treino e teste)
2025-10-09 23:21:31,889 - root - INFO - [ÉPOCA 2] Iniciando treinamento do modelo CNN
2025-10-09 23:28:31,386 - root - INFO - [ÉPOCA 2] Treinamento concluído em 419.4955744743347
2025-10-09 23:28:31,387 - root - INFO - [ÉPOCA 2] Erro do treino: 0.23583118912006562
2025-10-09 23:28:31,387 - root - INFO - [ÉPOCA 2] Iniciando teste do modelo CNN
2025-10-09 23:29:10,244 - root - INFO - [ÉPOCA 2] Teste concluído em 38.856802225112915
2025-10-09 23:29:10,244 - root - INFO - [ÉPOCA 2] Erro do teste: 0.2228450083170836
2025-10-09 23:29:10,244 - root - INFO - [ÉPOCA 2] Calculando métricas de desempenho
2025-10-09 23:29:10,251 - root - INFO - 
---------- Métricas ----------
2025-10-09 23:29:10,251 - root - INFO - Accuracy: 0.927
2025-10-09 23:29:10,251 - root - INFO - Precisão: 0.9274696225034559
2025-10-09 23:29:10,251 - root - INFO - Recall: 0.9269999999999999
2025-10-09 23:29:10,251 - root - INFO - F1: 0.9269736118649918
2025-10-09 23:29:10,251 - root - INFO - Matriz de confusão:
[[925   6  23   5   2   0   8   2  25   4]
 [  1 970   4   5   0   0   2   0   4  14]
 [ 11   0 917   6  13  13  26  10   3   1]
 [  4   0  31 837   9  92  19   4   4   0]
 [  3   0  24  11 926   9  12  12   3   0]
 [  1   0  19  49  12 903   5   8   3   0]
 [  1   0   6  14   2  10 962   1   4   0]
 [  3   0   6   9  20  15   0 947   0   0]
 [ 20  13   3   6   0   0   6   1 946   5]
 [  6  32   4   1   0   0   4   0  16 937]]
2025-10-09 23:29:10,251 - root - INFO - [ÉPOCA 3] Iniciando a execução do modelo (treino e teste)
2025-10-09 23:29:10,251 - root - INFO - [ÉPOCA 3] Iniciando treinamento do modelo CNN
2025-10-09 23:36:09,654 - root - INFO - [ÉPOCA 3] Treinamento concluído em 419.40151476860046
2025-10-09 23:36:09,655 - root - INFO - [ÉPOCA 3] Erro do treino: 0.18964598595712306
2025-10-09 23:36:09,655 - root - INFO - [ÉPOCA 3] Iniciando teste do modelo CNN
2025-10-09 23:36:48,156 - root - INFO - [ÉPOCA 3] Teste concluído em 38.50037121772766
2025-10-09 23:36:48,156 - root - INFO - [ÉPOCA 3] Erro do teste: 0.23078728120286054
2025-10-09 23:36:48,156 - root - INFO - [ÉPOCA 3] Calculando métricas de desempenho
2025-10-09 23:36:48,163 - root - INFO - 
---------- Métricas ----------
2025-10-09 23:36:48,163 - root - INFO - Accuracy: 0.9273
2025-10-09 23:36:48,163 - root - INFO - Precisão: 0.929104160224688
2025-10-09 23:36:48,163 - root - INFO - Recall: 0.9273
2025-10-09 23:36:48,163 - root - INFO - F1: 0.9274161944907926
2025-10-09 23:36:48,163 - root - INFO - Matriz de confusão:
[[956   4  13   0   5   0   0   2  18   2]
 [  9 966   4   0   0   0   0   0   6  15]
 [ 19   0 944   5  13   6   9   2   2   0]
 [ 13   2  54 833  18  52  17   1   5   5]
 [  2   0  34  12 936   4   6   6   0   0]
 [  4   1  34  65  21 865   2   7   1   0]
 [  2   0  26  10   5   3 952   1   1   0]
 [  3   0  26   5  29   5   1 930   1   0]
 [ 27   4   6   0   1   1   1   1 955   4]
 [ 18  31   2   0   1   1   2   0   9 936]]
2025-10-09 23:36:48,163 - root - INFO - [ÉPOCA 4] Iniciando a execução do modelo (treino e teste)
2025-10-09 23:36:48,163 - root - INFO - [ÉPOCA 4] Iniciando treinamento do modelo CNN
2025-10-09 23:43:47,673 - root - INFO - [ÉPOCA 4] Treinamento concluído em 419.50754141807556
2025-10-09 23:43:47,674 - root - INFO - [ÉPOCA 4] Erro do treino: 0.15545689747075928
2025-10-09 23:43:47,674 - root - INFO - [ÉPOCA 4] Iniciando teste do modelo CNN
2025-10-09 23:44:24,865 - root - INFO - [ÉPOCA 4] Teste concluído em 37.19093918800354
2025-10-09 23:44:24,865 - root - INFO - [ÉPOCA 4] Erro do teste: 0.21215224017600376
2025-10-09 23:44:24,865 - root - INFO - [ÉPOCA 4] Calculando métricas de desempenho
2025-10-09 23:44:24,872 - root - INFO - 
---------- Métricas ----------
2025-10-09 23:44:24,872 - root - INFO - Accuracy: 0.93
2025-10-09 23:44:24,872 - root - INFO - Precisão: 0.931685486506647
2025-10-09 23:44:24,872 - root - INFO - Recall: 0.9299999999999999
2025-10-09 23:44:24,872 - root - INFO - F1: 0.9301216983113288
2025-10-09 23:44:24,872 - root - INFO - Matriz de confusão:
[[889   2  54  12   1   0   3   3  31   5]
 [  1 959   1   4   0   0   0   0   6  29]
 [  3   0 938  22  20   6   6   2   3   0]
 [  1   1  20 896  17  35  21   3   5   1]
 [  1   0  12  10 962   3   5   4   3   0]
 [  0   0  16 100  24 843   6   7   1   3]
 [  1   0  10  14   5   1 960   1   6   2]
 [  2   0  10  13  24  13   1 936   1   0]
 [ 17   7   3   5   0   0   2   0 963   3]
 [  9  23   2   2   1   1   3   1   4 954]]
2025-10-09 23:44:24,872 - root - INFO - [ÉPOCA 5] Iniciando a execução do modelo (treino e teste)
2025-10-09 23:44:24,873 - root - INFO - [ÉPOCA 5] Iniciando treinamento do modelo CNN
2025-10-09 23:51:24,363 - root - INFO - [ÉPOCA 5] Treinamento concluído em 419.48923563957214
2025-10-09 23:51:24,364 - root - INFO - [ÉPOCA 5] Erro do treino: 0.13574244392504267
2025-10-09 23:51:24,364 - root - INFO - [ÉPOCA 5] Iniciando teste do modelo CNN
2025-10-09 23:52:04,526 - root - INFO - [ÉPOCA 5] Teste concluído em 40.16150641441345
2025-10-09 23:52:04,526 - root - INFO - [ÉPOCA 5] Erro do teste: 0.21025629623677022
2025-10-09 23:52:04,526 - root - INFO - [ÉPOCA 5] Calculando métricas de desempenho
2025-10-09 23:52:04,533 - root - INFO - 
---------- Métricas ----------
2025-10-09 23:52:04,533 - root - INFO - Accuracy: 0.9317
2025-10-09 23:52:04,533 - root - INFO - Precisão: 0.9317554193433122
2025-10-09 23:52:04,533 - root - INFO - Recall: 0.9316999999999999
2025-10-09 23:52:04,533 - root - INFO - F1: 0.9314300650019518
2025-10-09 23:52:04,533 - root - INFO - Matriz de confusão:
[[958   2  13   4   4   0   0   4  10   5]
 [  5 974   1   0   0   0   0   1   0  19]
 [ 16   0 925  12  14   6  17   6   4   0]
 [ 20   2  24 837  21  49  31   4   5   7]
 [  5   0  20   5 943   6   6  14   1   0]
 [  4   0  11  88   8 868   7  13   0   1]
 [  4   0  15   7   3   0 963   3   1   4]
 [  1   0   3  12   6   7   1 969   1   0]
 [ 39   9   2   1   0   0   2   1 927  19]
 [ 10  31   1   1   0   0   0   0   4 953]]
2025-10-09 23:52:04,533 - root - INFO - Execução do modelo concluída em 2291.0065455436707
2025-10-09 23:52:04,533 - root - INFO - Tempo de execução do treino: 2097.509176969528
2025-10-09 23:52:04,533 - root - INFO - Tempo de execução do teste: 193.49736857414246
2025-10-09 23:52:04,535 - root - INFO - Salvando modelo executado
2025-10-09 23:52:30,791 - root - INFO - Modelo salvo com sucesso em: checkpoints/inception_v3_2025-10-09_21_56_35.pth
