2025-10-07 18:25:20,090 - root - INFO - CUDA disponível. Usando GPU para treinamento.
2025-10-07 18:25:20,090 - root - INFO - Definindo transformações para imagens (ImageNet)
2025-10-07 18:25:20,090 - root - INFO - Carregando conjunto de treino CIFAR10
2025-10-07 18:25:20,651 - root - INFO - Carregando conjunto de teste CIFAR10
2025-10-07 18:25:20,886 - root - INFO - Iniciando modelo no modo de depuração com 1000 entradas para treino e 200 para teste
2025-10-07 18:25:20,887 - root - INFO - Tamanho do lote: 16
2025-10-07 18:25:20,887 - root - INFO - Número de classes: 10
2025-10-07 18:25:20,887 - root - INFO - Inicializando modelo CNN (VGG16)
2025-10-07 18:27:29,105 - root - INFO - Iniciando a execução do modelo (treino e teste) para a 0a época
2025-10-07 18:27:29,106 - root - INFO - Iniciando treinamento do modelo CNN
2025-10-07 18:27:44,160 - root - INFO - Treinamento da ÉPOCA [0] concluído em 15.053558826446533
2025-10-07 18:27:44,160 - root - INFO - Erro do treino da época: 1.7570076565893868
2025-10-07 18:27:44,160 - root - INFO - Iniciando teste do modelo CNN
2025-10-07 18:27:45,166 - root - INFO - Teste da ÉPOCA [0] concluído em 1.0059154033660889
2025-10-07 18:27:45,166 - root - INFO - Erro do teste da época: 1.612806228490976
2025-10-07 18:27:45,166 - root - INFO - Calculando métricas de desempenho
2025-10-07 18:27:45,171 - root - INFO - 
---------- Métricas ----------
2025-10-07 18:27:45,171 - root - INFO - Accuracy: 0.465
2025-10-07 18:27:45,171 - root - INFO - Precisão: 0.34900340006821196
2025-10-07 18:27:45,171 - root - INFO - Recall: 0.461343493108199
2025-10-07 18:27:45,171 - root - INFO - F1: 0.379523814581353
2025-10-07 18:27:45,171 - root - INFO - Matriz de confusão:
[[25  2  0  1  0  2  0  0  0  0]
 [ 1 13  0  0  0  1  0  0  0  2]
 [ 4  0  0  2  3  5  1  4  0  0]
 [ 0  0  0  0  0 13  2  2  0  0]
 [ 0  0  0  0  4  2  1 12  0  3]
 [ 0  1  0  0  1  9  0  2  0  0]
 [ 0  0  0  0  3  3 13  0  0  2]
 [ 1  0  0  0  1  3  0 13  0  0]
 [15  6  0  0  0  1  0  0  0  1]
 [ 0  0  0  0  0  2  0  2  0 16]]
2025-10-07 18:55:09,625 - root - INFO - CUDA disponível. Usando GPU para treinamento.
2025-10-07 18:55:09,625 - root - INFO - Definindo transformações para imagens (ImageNet)
2025-10-07 18:55:09,625 - root - INFO - Carregando conjunto de treino CIFAR10
2025-10-07 18:55:10,183 - root - INFO - Carregando conjunto de teste CIFAR10
2025-10-07 18:55:10,419 - root - INFO - Tamanho do lote: 32
2025-10-07 18:55:10,419 - root - INFO - Número de classes: 10
2025-10-07 18:55:10,419 - root - INFO - Inicializando modelo CNN (VGG16)
2025-10-07 18:55:11,570 - root - INFO - Iniciando a execução do modelo (treino e teste) para a 0a época
2025-10-07 18:55:11,570 - root - INFO - Iniciando treinamento do modelo CNN
2025-10-07 19:06:04,148 - root - INFO - Treinamento da ÉPOCA [0] concluído em 652.5780398845673
2025-10-07 19:06:04,149 - root - INFO - Erro do treino da época: 0.6367985702912852
2025-10-07 19:06:04,150 - root - INFO - Iniciando teste do modelo CNN
2025-10-07 19:06:49,648 - root - INFO - Teste da ÉPOCA [0] concluído em 45.497997760772705
2025-10-07 19:06:49,649 - root - INFO - Erro do teste da época: 0.4320949351730438
2025-10-07 19:06:49,649 - root - INFO - Calculando métricas de desempenho
2025-10-07 19:06:49,655 - root - INFO - 
---------- Métricas ----------
2025-10-07 19:06:49,655 - root - INFO - Accuracy: 0.8645
2025-10-07 19:06:49,655 - root - INFO - Precisão: 0.8698503216351666
2025-10-07 19:06:49,655 - root - INFO - Recall: 0.8644999999999999
2025-10-07 19:06:49,655 - root - INFO - F1: 0.862974235055469
2025-10-07 19:06:49,655 - root - INFO - Matriz de confusão:
[[805   6  39   9   2   1  21  22  79  16]
 [  5 906   3   1   0   1   8   2  12  62]
 [ 22   0 865  10   7  18  33  35   9   1]
 [  9   1  43 676  15 129  58  48  11  10]
 [  3   0  72  18 767  12  31  88   6   3]
 [  1   0  38  66  12 809  17  55   0   2]
 [  3   0  22   2   2   8 955   3   4   1]
 [  4   0  11   2   6   9   5 959   1   3]
 [  9   5   6   2   0   0   5   4 952  17]
 [  4  22   3   3   0   0   3   3  11 951]]
2025-10-07 19:06:49,655 - root - INFO - Iniciando a execução do modelo (treino e teste) para a 1a época
2025-10-07 19:06:49,656 - root - INFO - Iniciando treinamento do modelo CNN
2025-10-07 19:17:42,270 - root - INFO - Treinamento da ÉPOCA [1] concluído em 652.6146669387817
2025-10-07 19:17:42,271 - root - INFO - Erro do treino da época: 0.39481891740783237
2025-10-07 19:17:42,272 - root - INFO - Iniciando teste do modelo CNN
2025-10-07 19:18:27,735 - root - INFO - Teste da ÉPOCA [1] concluído em 45.46267533302307
2025-10-07 19:18:27,735 - root - INFO - Erro do teste da época: 0.4158154128791806
2025-10-07 19:18:27,735 - root - INFO - Calculando métricas de desempenho
2025-10-07 19:18:27,742 - root - INFO - 
---------- Métricas ----------
2025-10-07 19:18:27,742 - root - INFO - Accuracy: 0.8727
2025-10-07 19:18:27,742 - root - INFO - Precisão: 0.8766371017927742
2025-10-07 19:18:27,742 - root - INFO - Recall: 0.8727
2025-10-07 19:18:27,742 - root - INFO - F1: 0.872707051638985
2025-10-07 19:18:27,742 - root - INFO - Matriz de confusão:
[[851  16  11  14   1   2   1   6  70  28]
 [  0 957   0   0   0   0   0   0  13  30]
 [ 41   4 799  39  26  43  22  13  10   3]
 [  6  18  17 752  11 161  10   9   9   7]
 [ 14   2  21  57 822  39  12  24   5   4]
 [  2   8  10  40  10 906   2  15   1   6]
 [ 10  10  22  65   9  16 847   2  12   7]
 [  2   7   9  16  18  41   3 896   1   7]
 [  9   8   2   4   1   0   0   2 955  19]
 [  4  42   1   4   0   1   0   0   6 942]]
2025-10-07 19:18:27,742 - root - INFO - Iniciando a execução do modelo (treino e teste) para a 2a época
2025-10-07 19:18:27,742 - root - INFO - Iniciando treinamento do modelo CNN
2025-10-07 19:29:20,316 - root - INFO - Treinamento da ÉPOCA [2] concluído em 652.573319196701
2025-10-07 19:29:20,317 - root - INFO - Erro do treino da época: 0.33144841995805274
2025-10-07 19:29:20,318 - root - INFO - Iniciando teste do modelo CNN
2025-10-07 19:30:05,764 - root - INFO - Teste da ÉPOCA [2] concluído em 45.446284532547
2025-10-07 19:30:05,764 - root - INFO - Erro do teste da época: 0.5624252455636335
2025-10-07 19:30:05,764 - root - INFO - Calculando métricas de desempenho
2025-10-07 19:30:05,771 - root - INFO - 
---------- Métricas ----------
2025-10-07 19:30:05,771 - root - INFO - Accuracy: 0.8455
2025-10-07 19:30:05,771 - root - INFO - Precisão: 0.8634586434289968
2025-10-07 19:30:05,771 - root - INFO - Recall: 0.8454999999999998
2025-10-07 19:30:05,771 - root - INFO - F1: 0.84497783174264
2025-10-07 19:30:05,771 - root - INFO - Matriz de confusão:
[[876   5  31   2   1   1   0   0  84   0]
 [  9 964   3   1   0   0   5   2  15   1]
 [ 33   2 923  12   9   3   4   4  10   0]
 [ 15   1  86 811   9  37  16   9  16   0]
 [  7   0 111  38 811   8  11   9   5   0]
 [  1   1  94 121   8 746   7  17   4   1]
 [  5   0  70  31   1   3 880   2   8   0]
 [  9   0  45  23  20  10   3 881   9   0]
 [ 18   4  12   1   2   2   1   2 956   2]
 [ 74 154  20  12   3   1  28   9  92 607]]
2025-10-07 19:30:05,771 - root - INFO - Iniciando a execução do modelo (treino e teste) para a 3a época
2025-10-07 19:30:05,771 - root - INFO - Iniciando treinamento do modelo CNN
2025-10-07 19:40:58,350 - root - INFO - Treinamento da ÉPOCA [3] concluído em 652.5787947177887
2025-10-07 19:40:58,351 - root - INFO - Erro do treino da época: 0.28486461025976734
2025-10-07 19:40:58,352 - root - INFO - Iniciando teste do modelo CNN
2025-10-07 19:41:43,811 - root - INFO - Teste da ÉPOCA [3] concluído em 45.45905542373657
2025-10-07 19:41:43,811 - root - INFO - Erro do teste da época: 0.33099434919917164
2025-10-07 19:41:43,812 - root - INFO - Calculando métricas de desempenho
2025-10-07 19:41:43,818 - root - INFO - 
---------- Métricas ----------
2025-10-07 19:41:43,818 - root - INFO - Accuracy: 0.8969
2025-10-07 19:41:43,818 - root - INFO - Precisão: 0.9028197456509919
2025-10-07 19:41:43,818 - root - INFO - Recall: 0.8968999999999999
2025-10-07 19:41:43,818 - root - INFO - F1: 0.8964197532748341
2025-10-07 19:41:43,818 - root - INFO - Matriz de confusão:
[[919  11  16   7   3   0   3   8  11  22]
 [  3 951   1   1   0   0   0   0   4  40]
 [ 26   4 868  32  23   2  30  12   2   1]
 [ 10   4  16 882  13  20  19  22   4  10]
 [  2   1  11  47 901   0  21  14   1   2]
 [  0   4  22 202  22 688  13  42   3   4]
 [  6   3  11  27   4   1 941   2   5   0]
 [  2   0   7  13  20   0   5 947   4   2]
 [ 48  16   1   2   2   0   1   1 907  22]
 [  7  25   0   0   0   0   1   0   2 965]]
2025-10-07 19:41:43,818 - root - INFO - Iniciando a execução do modelo (treino e teste) para a 4a época
2025-10-07 19:41:43,818 - root - INFO - Iniciando treinamento do modelo CNN
2025-10-07 19:52:36,409 - root - INFO - Treinamento da ÉPOCA [4] concluído em 652.5902700424194
2025-10-07 19:52:36,410 - root - INFO - Erro do treino da época: 0.2452258968930477
2025-10-07 19:52:36,411 - root - INFO - Iniciando teste do modelo CNN
2025-10-07 19:53:21,875 - root - INFO - Teste da ÉPOCA [4] concluído em 45.46386432647705
2025-10-07 19:53:21,875 - root - INFO - Erro do teste da época: 0.4620290925791755
2025-10-07 19:53:21,875 - root - INFO - Calculando métricas de desempenho
2025-10-07 19:53:21,881 - root - INFO - 
---------- Métricas ----------
2025-10-07 19:53:21,881 - root - INFO - Accuracy: 0.8775
2025-10-07 19:53:21,881 - root - INFO - Precisão: 0.8825469234370196
2025-10-07 19:53:21,881 - root - INFO - Recall: 0.8775000000000001
2025-10-07 19:53:21,881 - root - INFO - F1: 0.8758182294242115
2025-10-07 19:53:21,882 - root - INFO - Matriz de confusão:
[[889   5   2   0   8   0   0   4  76  16]
 [  1 954   0   0   0   0   0   0   8  37]
 [ 71   1 775  18  60   5  22  10  35   3]
 [ 30   9  22 797  39  18  30  14  17  24]
 [  8   0   4  13 952   2   8   7   6   0]
 [ 13   5  21 150  50 680  17  40  13  11]
 [ 14   4  12   9  28   3 908   2  12   8]
 [ 17   1   5  14  45   3   2 901   7   5]
 [ 16   8   0   0   0   0   3   0 963  10]
 [  6  28   0   0   0   0   1   0   9 956]]
