2025-10-28 11:56:56,405 - root - INFO - Inicializando o modelo da wisard com os seguintes argumentos: {'modelo_base': 'wisard', 'tamanho_lote': 32, 'dataset': <DatasetName.CIFAR10: 'CIFAR10'>, 'download_dataset': False, 'tipo_transformacao': <TiposDeTransformacao.VLAD: 'vlad'>, 'tamanhos_tuplas': [8, 12, 16, 20, 32, 64], 'num_bits_termometro': 12, 'debug': False, 'data_execucao': '2025-10-28_11_56_56'}
2025-10-28 11:57:00,034 - root - INFO - Configurando termômetro distributivo
2025-10-28 11:58:40,478 - root - INFO - [TUPLA 8] Fim do treinamento do WisardPKG. Tempo total do treino: 100.38855862617493
2025-10-28 11:58:40,479 - root - INFO - [TUPLA 8] Iniciando teste do WisardPKG 
2025-10-28 12:00:23,472 - root - INFO - [TUPLA 8] Fim do teste do WisardPKG . Tempo total de inferência: 102.9927625656128
2025-10-28 12:00:23,473 - root - INFO - [TUPLA 8] Execução do modelo  concluída em 203.38132119178772
2025-10-28 12:00:23,473 - root - INFO - [TUPLA 8] Tempo de execução do treino: 100.38855862617493
2025-10-28 12:00:23,473 - root - INFO - [TUPLA 8] Tempo de execução do teste: 102.9927625656128
2025-10-28 12:00:23,474 - root - INFO - Calculando métricas de desempenho
2025-10-28 12:00:23,666 - root - INFO - 
---------- Métricas ----------
2025-10-28 12:00:23,666 - root - INFO - Accuracy: 0.2211
2025-10-28 12:00:23,667 - root - INFO - Precisão: 0.23115627927338328
2025-10-28 12:00:23,667 - root - INFO - Recall: 0.22110000000000002
2025-10-28 12:00:23,667 - root - INFO - F1: 0.22186567106371763
2025-10-28 12:00:23,669 - root - INFO - Matriz de confusão:
[[252  74 155  75  85  96  21  97 113  32]
 [ 25 328  36  78  48  82  75 115  60 153]
 [127  78 169 118 112 153  49  93  70  31]
 [ 42 110  81 183  85 200  54 131  46  68]
 [ 44 100 118 115 128 153  82 152  50  58]
 [ 42 104  80 164 117 248  47 103  55  40]
 [ 18 134  49 109  87 112 210 137  32 112]
 [ 35 134  51 103  91 115  78 247  29 117]
 [105 104 117 118  63 119  35  80 216  43]
 [ 24 245  19  93  47  78  75 152  37 230]]
2025-10-28 12:02:05,166 - root - INFO - [TUPLA 12] Fim do treinamento do WisardPKG. Tempo total do treino: 100.74268746376038
2025-10-28 12:02:05,167 - root - INFO - [TUPLA 12] Iniciando teste do WisardPKG 
2025-10-28 12:03:45,020 - root - INFO - [TUPLA 12] Fim do teste do WisardPKG . Tempo total de inferência: 99.85303473472595
2025-10-28 12:03:45,021 - root - INFO - [TUPLA 12] Execução do modelo  concluída em 200.59572219848633
2025-10-28 12:03:45,022 - root - INFO - [TUPLA 12] Tempo de execução do treino: 100.74268746376038
2025-10-28 12:03:45,022 - root - INFO - [TUPLA 12] Tempo de execução do teste: 99.85303473472595
2025-10-28 12:03:45,022 - root - INFO - Calculando métricas de desempenho
2025-10-28 12:03:45,176 - root - INFO - 
---------- Métricas ----------
2025-10-28 12:03:45,176 - root - INFO - Accuracy: 0.2628
2025-10-28 12:03:45,176 - root - INFO - Precisão: 0.2655415023352351
2025-10-28 12:03:45,176 - root - INFO - Recall: 0.26280000000000003
2025-10-28 12:03:45,176 - root - INFO - F1: 0.25397023559507237
2025-10-28 12:03:45,177 - root - INFO - Matriz de confusão:
[[296 104 117  45  37  71  48 138  87  57]
 [ 16 373  10  42  16  64 137  69  38 235]
 [140 106 157  84  84 146  83 107  42  51]
 [ 52 124  51 120  61 201 141 107  36 107]
 [ 54  97  89  77  90 147 173 131  36 106]
 [ 43  94  48 119  71 301  94 114  29  87]
 [ 27 116  29  62  41  97 384 101  16 127]
 [ 43 128  22  62  38  99 148 278  14 168]
 [120 166  73  76  38 107  54  65 222  79]
 [  9 222   8  48  14  39 122 104  27 407]]
2025-10-28 12:05:45,244 - root - INFO - [TUPLA 16] Fim do treinamento do WisardPKG. Tempo total do treino: 116.83880257606506
2025-10-28 12:05:45,245 - root - INFO - [TUPLA 16] Iniciando teste do WisardPKG 
2025-10-28 12:08:25,848 - root - INFO - [TUPLA 16] Fim do teste do WisardPKG . Tempo total de inferência: 160.60263633728027
2025-10-28 12:08:25,849 - root - INFO - [TUPLA 16] Execução do modelo  concluída em 277.44143891334534
2025-10-28 12:08:25,849 - root - INFO - [TUPLA 16] Tempo de execução do treino: 116.83880257606506
2025-10-28 12:08:25,850 - root - INFO - [TUPLA 16] Tempo de execução do teste: 160.60263633728027
2025-10-28 12:08:25,850 - root - INFO - Calculando métricas de desempenho
2025-10-28 12:08:25,990 - root - INFO - 
---------- Métricas ----------
2025-10-28 12:08:25,990 - root - INFO - Accuracy: 0.286
2025-10-28 12:08:25,990 - root - INFO - Precisão: 0.2875665801018493
2025-10-28 12:08:25,990 - root - INFO - Recall: 0.28600000000000003
2025-10-28 12:08:25,990 - root - INFO - F1: 0.273103992008788
2025-10-28 12:08:25,991 - root - INFO - Matriz de confusão:
[[358  90  84  34  31  84  44 112  96  67]
 [ 23 378  12  34   6  68 151  50  37 241]
 [160  77 144  69  64 155 122 103  52  54]
 [ 54 103  43 124  49 201 170  88  52 116]
 [ 62  80  75  57  97 155 217 118  39 100]
 [ 49  93  47  98  43 329 123  98  28  92]
 [ 31  84  27  59  30 109 454  67  20 119]
 [ 41 115  24  55  29 103 167 272  15 179]
 [133 158  61  61  27 116  65  53 246  80]
 [ 21 186   7  35   8  33 168  63  21 458]]
2025-10-28 12:10:23,679 - root - INFO - [TUPLA 20] Fim do treinamento do WisardPKG. Tempo total do treino: 109.69817233085632
2025-10-28 12:10:23,680 - root - INFO - [TUPLA 20] Iniciando teste do WisardPKG 
2025-10-28 12:12:35,671 - root - INFO - [TUPLA 20] Fim do teste do WisardPKG . Tempo total de inferência: 131.9905722141266
2025-10-28 12:12:35,672 - root - INFO - [TUPLA 20] Execução do modelo  concluída em 241.6887445449829
2025-10-28 12:12:35,672 - root - INFO - [TUPLA 20] Tempo de execução do treino: 109.69817233085632
2025-10-28 12:12:35,672 - root - INFO - [TUPLA 20] Tempo de execução do teste: 131.9905722141266
2025-10-28 12:12:35,672 - root - INFO - Calculando métricas de desempenho
2025-10-28 12:12:35,822 - root - INFO - 
---------- Métricas ----------
2025-10-28 12:12:35,822 - root - INFO - Accuracy: 0.2861
2025-10-28 12:12:35,822 - root - INFO - Precisão: 0.27958864978725695
2025-10-28 12:12:35,822 - root - INFO - Recall: 0.28609999999999997
2025-10-28 12:12:35,822 - root - INFO - F1: 0.27292453680155804
2025-10-28 12:12:35,823 - root - INFO - Matriz de confusão:
[[435  54  89  30  27  70  47  73 115  60]
 [ 42 292  24  41  14  96 126  45  57 263]
 [210  58 183  53  56 170  89  66  62  53]
 [ 70  75  79 125  44 232 135  64  56 120]
 [ 95  59 100  71  76 184 176  88  53  98]
 [ 68  47  88 113  26 365  96  74  44  79]
 [ 54  69  38  59  40 119 401  79  26 115]
 [ 90  80  29  54  28 142 142 226  31 178]
 [168 102  74  47  24 128  50  40 300  67]
 [ 39 146  11  38  15  54 124  73  42 458]]
2025-10-28 12:14:04,031 - root - INFO - [TUPLA 32] Fim do treinamento do WisardPKG. Tempo total do treino: 77.47929620742798
2025-10-28 12:14:04,032 - root - INFO - [TUPLA 32] Iniciando teste do WisardPKG 
2025-10-28 12:15:33,651 - root - INFO - [TUPLA 32] Fim do teste do WisardPKG . Tempo total de inferência: 89.61921977996826
2025-10-28 12:15:33,652 - root - INFO - [TUPLA 32] Execução do modelo  concluída em 167.09851598739624
2025-10-28 12:15:33,653 - root - INFO - [TUPLA 32] Tempo de execução do treino: 77.47929620742798
2025-10-28 12:15:33,653 - root - INFO - [TUPLA 32] Tempo de execução do teste: 89.61921977996826
2025-10-28 12:15:33,653 - root - INFO - Calculando métricas de desempenho
2025-10-28 12:15:33,793 - root - INFO - 
---------- Métricas ----------
2025-10-28 12:15:33,794 - root - INFO - Accuracy: 0.1897
2025-10-28 12:15:33,794 - root - INFO - Precisão: 0.2051730126492569
2025-10-28 12:15:33,794 - root - INFO - Recall: 0.18970000000000004
2025-10-28 12:15:33,794 - root - INFO - F1: 0.16886883109731546
2025-10-28 12:15:33,795 - root - INFO - Matriz de confusão:
[[465   9 169  31  26  54  15  13 208  10]
 [142  68 159  76  93 116  43  27 234  42]
 [271  10 283  53  73 102  23  10 162  13]
 [142  27 211 117  85 160  35  24 181  18]
 [158  11 238 106 108 131  41  34 153  20]
 [120  17 217 117  86 206  22  25 181   9]
 [112  27 155 117 117 150 114  41 132  35]
 [189  23 157  98 105 124  53  56 157  38]
 [206  14 142  66  56  73  14  18 400  11]
 [131  38 117 118  95 107  49  52 213  80]]
2025-10-28 12:16:38,440 - root - INFO - [TUPLA 64] Fim do treinamento do WisardPKG. Tempo total do treino: 54.7417254447937
2025-10-28 12:16:38,441 - root - INFO - [TUPLA 64] Iniciando teste do WisardPKG 
2025-10-28 12:17:25,004 - root - INFO - [TUPLA 64] Fim do teste do WisardPKG . Tempo total de inferência: 46.56193017959595
2025-10-28 12:17:25,005 - root - INFO - [TUPLA 64] Execução do modelo  concluída em 101.30365562438965
2025-10-28 12:17:25,005 - root - INFO - [TUPLA 64] Tempo de execução do treino: 54.7417254447937
2025-10-28 12:17:25,005 - root - INFO - [TUPLA 64] Tempo de execução do teste: 46.56193017959595
2025-10-28 12:17:25,005 - root - INFO - Calculando métricas de desempenho
2025-10-28 12:17:25,138 - root - INFO - 
---------- Métricas ----------
2025-10-28 12:17:25,139 - root - INFO - Accuracy: 0.133
2025-10-28 12:17:25,139 - root - INFO - Precisão: 0.1538617534298065
2025-10-28 12:17:25,139 - root - INFO - Recall: 0.133
2025-10-28 12:17:25,139 - root - INFO - F1: 0.07422231262249823
2025-10-28 12:17:25,140 - root - INFO - Matriz de confusão:
[[113   1  49  13  22   5  10   4  94 689]
 [  3   0   3   5   4   1   0   1   9 974]
 [ 60   2  46  22  41   7  10   4  67 741]
 [ 23   0  24  20  25   7   4   2  44 851]
 [ 28   0  25  16  31   5   6   3  45 841]
 [ 21   1  18  15  20   9   9   7  46 854]
 [  6   1  10   9   5   4   2   2  19 942]
 [  9   1  10   8   7   3   1   0  17 944]
 [ 39   1  27  21  26   4   3   2 134 743]
 [  2   0   3   2   1   0   4   1  12 975]]
