2025-11-05 19:35:04,747 - root - INFO - Inicializando o modelo wisard_vlad com os seguintes args: {'num_exec': 10, 'tamanho_lote': 32, 'dataset': <DatasetName.CIFAR10: 'CIFAR10'>, 'download_dataset': False, 'tamanhos_tuplas': [6, 8, 12, 20, 32, 64], 'num_bits_termometro': 8, 'debug': False, 'pasta_features': PosixPath('features'), 'data_execucao': '2025-11-05_18_59_22', 'modelo_base': 'wisard_vlad'}
2025-11-05 19:35:11,895 - root - INFO - Configurando termômetro distributivo
2025-11-05 19:35:11,910 - root - INFO - [EXECUCAO 1] [TUPLA 6] Iniciando wisard
2025-11-05 19:35:11,911 - root - INFO - [EXECUCAO 1] [TUPLA 6] Iniciando modelo da wisard
2025-11-05 19:35:12,694 - root - INFO - [EXECUCAO 1] [TUPLA 6] Iniciando treino do WisardPKG 
2025-11-05 19:36:11,281 - root - INFO - [EXECUCAO 1] [TUPLA 6] Fim do treinamento do WisardPKG. Tempo total do treino: 58.58661913871765
2025-11-05 19:36:11,282 - root - INFO - [EXECUCAO 1] [TUPLA 6] Iniciando teste do WisardPKG 
2025-11-05 19:37:41,081 - root - INFO - [EXECUCAO 1] [TUPLA 6] Fim do teste do WisardPKG . Tempo total de inferência: 89.79913783073425
2025-11-05 19:37:41,082 - root - INFO - [EXECUCAO 1] [TUPLA 6] Execução do modelo  concluída em 148.3857569694519
2025-11-05 19:37:41,082 - root - INFO - [EXECUCAO 1] [TUPLA 6] Tempo de execução do treino: 58.58661913871765
2025-11-05 19:37:41,082 - root - INFO - [EXECUCAO 1] [TUPLA 6] Tempo de execução do teste: 89.79913783073425
2025-11-05 19:37:41,082 - root - INFO - Calculando métricas de desempenho
2025-11-05 19:37:41,265 - root - INFO - 
---------- Métricas ----------
2025-11-05 19:37:41,265 - root - INFO - Accuracy: 0.1637
2025-11-05 19:37:41,265 - root - INFO - Precisão: 0.20058407704807305
2025-11-05 19:37:41,266 - root - INFO - Recall: 0.1637
2025-11-05 19:37:41,266 - root - INFO - F1: 0.1575071200575968
2025-11-05 19:37:41,266 - root - INFO - Matriz de confusão:
[[121 130  86  85  68  91  86 163  39 131]
 [ 17 257  19  76  49 124 105 140  18 195]
 [ 49 128  83  92  78 129 113 170  14 144]
 [ 12 106  32 132  80 185 113 173   3 164]
 [ 18 123  48  98  97 151 110 179  15 161]
 [  6 111  20 157  77 212 116 163   5 133]
 [ 12 143  46 116  70 153 133 171   8 148]
 [ 11 129  24  86  59 145  99 254   6 187]
 [ 51 171  38  95  69  96  70 141  75 194]
 [ 11 131  25 107  56 125  63 198  11 273]]
2025-11-05 19:37:41,266 - root - INFO - Salvando informações da época no arquivo CSV
2025-11-05 19:37:41,268 - root - INFO - [EXECUCAO 2] [TUPLA 6] Iniciando wisard
2025-11-05 19:37:41,268 - root - INFO - [EXECUCAO 2] [TUPLA 6] Iniciando modelo da wisard
2025-11-05 19:37:41,508 - root - INFO - [EXECUCAO 2] [TUPLA 6] Iniciando treino do WisardPKG 
2025-11-05 19:38:40,280 - root - INFO - [EXECUCAO 2] [TUPLA 6] Fim do treinamento do WisardPKG. Tempo total do treino: 58.77164936065674
2025-11-05 19:38:40,281 - root - INFO - [EXECUCAO 2] [TUPLA 6] Iniciando teste do WisardPKG 
2025-11-05 19:40:03,518 - root - INFO - [EXECUCAO 2] [TUPLA 6] Fim do teste do WisardPKG . Tempo total de inferência: 83.23654961585999
2025-11-05 19:40:03,519 - root - INFO - [EXECUCAO 2] [TUPLA 6] Execução do modelo  concluída em 142.00819897651672
2025-11-05 19:40:03,519 - root - INFO - [EXECUCAO 2] [TUPLA 6] Tempo de execução do treino: 58.77164936065674
2025-11-05 19:40:03,520 - root - INFO - [EXECUCAO 2] [TUPLA 6] Tempo de execução do teste: 83.23654961585999
2025-11-05 19:40:03,520 - root - INFO - Calculando métricas de desempenho
2025-11-05 19:40:03,649 - root - INFO - 
---------- Métricas ----------
2025-11-05 19:40:03,649 - root - INFO - Accuracy: 0.1594
2025-11-05 19:40:03,649 - root - INFO - Precisão: 0.19432222707354707
2025-11-05 19:40:03,649 - root - INFO - Recall: 0.15940000000000001
2025-11-05 19:40:03,649 - root - INFO - F1: 0.15241013402421305
2025-11-05 19:40:03,650 - root - INFO - Matriz de confusão:
[[131 155  71  70  61  71  75 177  41 148]
 [ 14 246  27  70  63 107  90 167  10 206]
 [ 42 134  64  90  84 146 113 167  25 135]
 [ 11  99  17 123  80 194 110 192   9 165]
 [ 20 121  36  96  95 158 118 195  18 143]
 [  5 103  32 124  75 211 110 194   4 142]
 [ 12 122  35 111  76 171 137 177   4 155]
 [ 13 114  20  99  74 144  73 265   5 193]
 [ 52 202  50  88  77 114  67 107  64 179]
 [ 12 154  11  81  57 120  82 217   8 258]]
2025-11-05 19:40:03,650 - root - INFO - Salvando informações da época no arquivo CSV
2025-11-05 19:40:03,650 - root - INFO - [EXECUCAO 3] [TUPLA 6] Iniciando wisard
2025-11-05 19:40:03,651 - root - INFO - [EXECUCAO 3] [TUPLA 6] Iniciando modelo da wisard
2025-11-05 19:40:03,819 - root - INFO - [EXECUCAO 3] [TUPLA 6] Iniciando treino do WisardPKG 
2025-11-05 19:41:10,670 - root - INFO - [EXECUCAO 3] [TUPLA 6] Fim do treinamento do WisardPKG. Tempo total do treino: 66.84961032867432
2025-11-05 19:41:10,671 - root - INFO - [EXECUCAO 3] [TUPLA 6] Iniciando teste do WisardPKG 
2025-11-05 19:42:25,203 - root - INFO - [EXECUCAO 3] [TUPLA 6] Fim do teste do WisardPKG . Tempo total de inferência: 74.53180718421936
2025-11-05 19:42:25,204 - root - INFO - [EXECUCAO 3] [TUPLA 6] Execução do modelo  concluída em 141.38141751289368
2025-11-05 19:42:25,204 - root - INFO - [EXECUCAO 3] [TUPLA 6] Tempo de execução do treino: 66.84961032867432
2025-11-05 19:42:25,205 - root - INFO - [EXECUCAO 3] [TUPLA 6] Tempo de execução do teste: 74.53180718421936
2025-11-05 19:42:25,205 - root - INFO - Calculando métricas de desempenho
2025-11-05 19:42:25,364 - root - INFO - 
---------- Métricas ----------
2025-11-05 19:42:25,364 - root - INFO - Accuracy: 0.1623
2025-11-05 19:42:25,364 - root - INFO - Precisão: 0.19762920551346805
2025-11-05 19:42:25,364 - root - INFO - Recall: 0.16229999999999997
2025-11-05 19:42:25,364 - root - INFO - F1: 0.15534043541681197
2025-11-05 19:42:25,365 - root - INFO - Matriz de confusão:
[[135 148  70  91  87  59  63 166  35 146]
 [ 11 246  32  68  61 109  97 151  13 212]
 [ 49 119  73 114  89 104 115 173  17 147]
 [ 12 131  28 133  71 177  95 185  11 157]
 [ 20 123  35 138  95 128  97 193  14 157]
 [  9 115  26 143  83 191 103 182   2 146]
 [ 14 127  28 114  88 142 132 186   9 160]
 [ 11 119  22  82  73 117  77 284   4 211]
 [ 70 186  46  97  75  73  81 133  65 174]
 [ 12 158  16  78  48 106  81 227   5 269]]
2025-11-05 19:42:25,366 - root - INFO - Salvando informações da época no arquivo CSV
2025-11-05 19:42:25,367 - root - INFO - [EXECUCAO 4] [TUPLA 6] Iniciando wisard
2025-11-05 19:42:25,367 - root - INFO - [EXECUCAO 4] [TUPLA 6] Iniciando modelo da wisard
2025-11-05 19:42:25,613 - root - INFO - [EXECUCAO 4] [TUPLA 6] Iniciando treino do WisardPKG 
2025-11-05 19:43:23,689 - root - INFO - [EXECUCAO 4] [TUPLA 6] Fim do treinamento do WisardPKG. Tempo total do treino: 58.07636737823486
2025-11-05 19:43:23,690 - root - INFO - [EXECUCAO 4] [TUPLA 6] Iniciando teste do WisardPKG 
2025-11-05 19:44:37,597 - root - INFO - [EXECUCAO 4] [TUPLA 6] Fim do teste do WisardPKG . Tempo total de inferência: 73.90603041648865
2025-11-05 19:44:37,597 - root - INFO - [EXECUCAO 4] [TUPLA 6] Execução do modelo  concluída em 131.9823977947235
2025-11-05 19:44:37,598 - root - INFO - [EXECUCAO 4] [TUPLA 6] Tempo de execução do treino: 58.07636737823486
2025-11-05 19:44:37,598 - root - INFO - [EXECUCAO 4] [TUPLA 6] Tempo de execução do teste: 73.90603041648865
2025-11-05 19:44:37,598 - root - INFO - Calculando métricas de desempenho
2025-11-05 19:44:37,729 - root - INFO - 
---------- Métricas ----------
2025-11-05 19:44:37,730 - root - INFO - Accuracy: 0.1652
2025-11-05 19:44:37,730 - root - INFO - Precisão: 0.19852653481636612
2025-11-05 19:44:37,730 - root - INFO - Recall: 0.16519999999999996
2025-11-05 19:44:37,730 - root - INFO - F1: 0.15676393114884546
2025-11-05 19:44:37,730 - root - INFO - Matriz de confusão:
[[145 128  74  83  72 100  70 163  35 130]
 [ 15 247  27  93  42 120  90 160   8 198]
 [ 44 144  79 119  91 112  93 180  14 124]
 [ 15 109  17 122  62 180 106 204   9 176]
 [ 12 128  43 126  71 151 118 200  10 141]
 [  7  98  36 132  72 210 103 178   6 158]
 [ 15 126  29 108  86 157 158 161   9 151]
 [  6 117  25  90  70 123  74 290   7 198]
 [ 56 204  42 100  70 108  79 117  49 175]
 [ 13 151  16  90  55  98  74 214   8 281]]
2025-11-05 19:44:37,731 - root - INFO - Salvando informações da época no arquivo CSV
2025-11-05 19:44:37,731 - root - INFO - [EXECUCAO 5] [TUPLA 6] Iniciando wisard
2025-11-05 19:44:37,731 - root - INFO - [EXECUCAO 5] [TUPLA 6] Iniciando modelo da wisard
2025-11-05 19:44:37,923 - root - INFO - [EXECUCAO 5] [TUPLA 6] Iniciando treino do WisardPKG 
2025-11-05 19:45:44,914 - root - INFO - [EXECUCAO 5] [TUPLA 6] Fim do treinamento do WisardPKG. Tempo total do treino: 66.99058079719543
2025-11-05 19:45:44,915 - root - INFO - [EXECUCAO 5] [TUPLA 6] Iniciando teste do WisardPKG 
2025-11-05 19:46:59,466 - root - INFO - [EXECUCAO 5] [TUPLA 6] Fim do teste do WisardPKG . Tempo total de inferência: 74.55077314376831
2025-11-05 19:46:59,467 - root - INFO - [EXECUCAO 5] [TUPLA 6] Execução do modelo  concluída em 141.54135394096375
2025-11-05 19:46:59,467 - root - INFO - [EXECUCAO 5] [TUPLA 6] Tempo de execução do treino: 66.99058079719543
2025-11-05 19:46:59,467 - root - INFO - [EXECUCAO 5] [TUPLA 6] Tempo de execução do teste: 74.55077314376831
2025-11-05 19:46:59,467 - root - INFO - Calculando métricas de desempenho
2025-11-05 19:46:59,596 - root - INFO - 
---------- Métricas ----------
2025-11-05 19:46:59,597 - root - INFO - Accuracy: 0.1629
2025-11-05 19:46:59,597 - root - INFO - Precisão: 0.19823727795885154
2025-11-05 19:46:59,597 - root - INFO - Recall: 0.1629
2025-11-05 19:46:59,597 - root - INFO - F1: 0.15587110802813334
2025-11-05 19:46:59,597 - root - INFO - Matriz de confusão:
[[139 148  93  63  78  88  82 139  44 126]
 [ 11 268  21  71  58 110 103 143  21 194]
 [ 37 139  79  99  91 125 108 182  18 122]
 [  8 136  28 131  59 195 112 189   9 133]
 [ 15 140  45 112  79 159 105 195  14 136]
 [  7  96  15 147  80 208 109 195   1 142]
 [ 10 126  28 143  78 155 131 186  12 131]
 [  9 102  32 113  62 131 102 260   2 187]
 [ 52 196  41  85  71 110  94 102  59 190]
 [  9 144  20  79  59 122  85 199   8 275]]
2025-11-05 19:46:59,598 - root - INFO - Salvando informações da época no arquivo CSV
2025-11-05 19:46:59,598 - root - INFO - [EXECUCAO 6] [TUPLA 6] Iniciando wisard
2025-11-05 19:46:59,598 - root - INFO - [EXECUCAO 6] [TUPLA 6] Iniciando modelo da wisard
2025-11-05 19:46:59,806 - root - INFO - [EXECUCAO 6] [TUPLA 6] Iniciando treino do WisardPKG 
2025-11-05 19:47:57,267 - root - INFO - [EXECUCAO 6] [TUPLA 6] Fim do treinamento do WisardPKG. Tempo total do treino: 57.46031308174133
2025-11-05 19:47:57,268 - root - INFO - [EXECUCAO 6] [TUPLA 6] Iniciando teste do WisardPKG 
2025-11-05 19:49:11,636 - root - INFO - [EXECUCAO 6] [TUPLA 6] Fim do teste do WisardPKG . Tempo total de inferência: 74.36756539344788
2025-11-05 19:49:11,637 - root - INFO - [EXECUCAO 6] [TUPLA 6] Execução do modelo  concluída em 131.8278784751892
2025-11-05 19:49:11,637 - root - INFO - [EXECUCAO 6] [TUPLA 6] Tempo de execução do treino: 57.46031308174133
2025-11-05 19:49:11,637 - root - INFO - [EXECUCAO 6] [TUPLA 6] Tempo de execução do teste: 74.36756539344788
2025-11-05 19:49:11,637 - root - INFO - Calculando métricas de desempenho
2025-11-05 19:49:11,772 - root - INFO - 
---------- Métricas ----------
2025-11-05 19:49:11,772 - root - INFO - Accuracy: 0.1627
2025-11-05 19:49:11,772 - root - INFO - Precisão: 0.19635029382746755
2025-11-05 19:49:11,773 - root - INFO - Recall: 0.1627
2025-11-05 19:49:11,773 - root - INFO - F1: 0.15574600183967718
2025-11-05 19:49:11,776 - root - INFO - Matriz de confusão:
[[129 129  65  58  77  67  92 183  43 157]
 [ 18 227  17  81  68 119 109 128  22 211]
 [ 38 135  72  98  97 125 100 184  15 136]
 [ 10 112  31 128  68 191 108 185   9 158]
 [ 16 131  41 105  93 148 106 193  13 154]
 [  9 105  20 139  74 214 110 183   6 140]
 [ 14 118  30 116  64 157 142 181  17 161]
 [  4 119  24  97  66 128  82 273   9 198]
 [ 52 169  46  85  73 109  84 116  68 198]
 [ 13 134  14  89  51 117  83 205  13 281]]
2025-11-05 19:49:11,776 - root - INFO - Salvando informações da época no arquivo CSV
2025-11-05 19:49:11,777 - root - INFO - [EXECUCAO 7] [TUPLA 6] Iniciando wisard
2025-11-05 19:49:11,777 - root - INFO - [EXECUCAO 7] [TUPLA 6] Iniciando modelo da wisard
2025-11-05 19:49:11,952 - root - INFO - [EXECUCAO 7] [TUPLA 6] Iniciando treino do WisardPKG 
2025-11-05 19:50:09,141 - root - INFO - [EXECUCAO 7] [TUPLA 6] Fim do treinamento do WisardPKG. Tempo total do treino: 57.18848896026611
2025-11-05 19:50:09,142 - root - INFO - [EXECUCAO 7] [TUPLA 6] Iniciando teste do WisardPKG 
2025-11-05 19:51:23,045 - root - INFO - [EXECUCAO 7] [TUPLA 6] Fim do teste do WisardPKG . Tempo total de inferência: 73.90236902236938
2025-11-05 19:51:23,046 - root - INFO - [EXECUCAO 7] [TUPLA 6] Execução do modelo  concluída em 131.0908579826355
2025-11-05 19:51:23,046 - root - INFO - [EXECUCAO 7] [TUPLA 6] Tempo de execução do treino: 57.18848896026611
2025-11-05 19:51:23,046 - root - INFO - [EXECUCAO 7] [TUPLA 6] Tempo de execução do teste: 73.90236902236938
2025-11-05 19:51:23,046 - root - INFO - Calculando métricas de desempenho
2025-11-05 19:51:23,175 - root - INFO - 
---------- Métricas ----------
2025-11-05 19:51:23,175 - root - INFO - Accuracy: 0.1593
2025-11-05 19:51:23,175 - root - INFO - Precisão: 0.1834952439924925
2025-11-05 19:51:23,175 - root - INFO - Recall: 0.1593
2025-11-05 19:51:23,175 - root - INFO - F1: 0.14952451850104528
2025-11-05 19:51:23,177 - root - INFO - Matriz de confusão:
[[109 143  81  75  71  78  77 177  57 132]
 [ 11 268  19  76  45 113  97 158  15 198]
 [ 50 142  60  89  81 142 115 175  25 121]
 [ 11 124  34 150  60 163 103 184  11 160]
 [ 19 129  25 114  83 147 101 205  12 165]
 [  8 120  19 121  72 213 111 203   3 130]
 [ 10 143  33 121  83 154 125 200   7 124]
 [  3 130  30  94  66 124  74 269   5 205]
 [ 73 197  32 106  72  99  83 123  56 159]
 [  7 151  23  85  60 126  74 205   9 260]]
2025-11-05 19:51:23,177 - root - INFO - Salvando informações da época no arquivo CSV
2025-11-05 19:51:23,178 - root - INFO - [EXECUCAO 8] [TUPLA 6] Iniciando wisard
2025-11-05 19:51:23,178 - root - INFO - [EXECUCAO 8] [TUPLA 6] Iniciando modelo da wisard
2025-11-05 19:51:23,352 - root - INFO - [EXECUCAO 8] [TUPLA 6] Iniciando treino do WisardPKG 
2025-11-05 19:52:20,378 - root - INFO - [EXECUCAO 8] [TUPLA 6] Fim do treinamento do WisardPKG. Tempo total do treino: 57.0258207321167
2025-11-05 19:52:20,379 - root - INFO - [EXECUCAO 8] [TUPLA 6] Iniciando teste do WisardPKG 
2025-11-05 19:53:34,004 - root - INFO - [EXECUCAO 8] [TUPLA 6] Fim do teste do WisardPKG . Tempo total de inferência: 73.62471985816956
2025-11-05 19:53:34,005 - root - INFO - [EXECUCAO 8] [TUPLA 6] Execução do modelo  concluída em 130.65054059028625
2025-11-05 19:53:34,005 - root - INFO - [EXECUCAO 8] [TUPLA 6] Tempo de execução do treino: 57.0258207321167
2025-11-05 19:53:34,005 - root - INFO - [EXECUCAO 8] [TUPLA 6] Tempo de execução do teste: 73.62471985816956
2025-11-05 19:53:34,005 - root - INFO - Calculando métricas de desempenho
2025-11-05 19:53:34,136 - root - INFO - 
---------- Métricas ----------
2025-11-05 19:53:34,137 - root - INFO - Accuracy: 0.1571
2025-11-05 19:53:34,137 - root - INFO - Precisão: 0.18938447112666573
2025-11-05 19:53:34,137 - root - INFO - Recall: 0.15710000000000002
2025-11-05 19:53:34,137 - root - INFO - F1: 0.14906521165687303
2025-11-05 19:53:34,138 - root - INFO - Matriz de confusão:
[[124 135  87  57  50  82  80 191  44 150]
 [ 13 249  23  79  48 122  94 157  17 198]
 [ 42 145  73 104  84 124  95 168  13 152]
 [  7 104  27 118  65 187 113 206   4 169]
 [ 17 139  31 114  73 145 107 204  15 155]
 [ 10 100  24 124  75 217 116 182   4 148]
 [ 12 119  32  96  68 183 133 184  15 158]
 [ 12 123  19  97  67 125  88 283   3 183]
 [ 58 187  44 103  68  96  85 110  58 191]
 [ 16 137  25  93  72 102  88 219   5 243]]
2025-11-05 19:53:34,138 - root - INFO - Salvando informações da época no arquivo CSV
2025-11-05 19:53:34,138 - root - INFO - [EXECUCAO 9] [TUPLA 6] Iniciando wisard
2025-11-05 19:53:34,139 - root - INFO - [EXECUCAO 9] [TUPLA 6] Iniciando modelo da wisard
2025-11-05 19:53:34,321 - root - INFO - [EXECUCAO 9] [TUPLA 6] Iniciando treino do WisardPKG 
2025-11-05 19:54:31,354 - root - INFO - [EXECUCAO 9] [TUPLA 6] Fim do treinamento do WisardPKG. Tempo total do treino: 57.03324341773987
2025-11-05 19:54:31,355 - root - INFO - [EXECUCAO 9] [TUPLA 6] Iniciando teste do WisardPKG 
2025-11-05 19:55:55,943 - root - INFO - [EXECUCAO 9] [TUPLA 6] Fim do teste do WisardPKG . Tempo total de inferência: 84.5874764919281
2025-11-05 19:55:55,944 - root - INFO - [EXECUCAO 9] [TUPLA 6] Execução do modelo  concluída em 141.62071990966797
2025-11-05 19:55:55,944 - root - INFO - [EXECUCAO 9] [TUPLA 6] Tempo de execução do treino: 57.03324341773987
2025-11-05 19:55:55,944 - root - INFO - [EXECUCAO 9] [TUPLA 6] Tempo de execução do teste: 84.5874764919281
2025-11-05 19:55:55,945 - root - INFO - Calculando métricas de desempenho
2025-11-05 19:55:56,104 - root - INFO - 
---------- Métricas ----------
2025-11-05 19:55:56,105 - root - INFO - Accuracy: 0.1667
2025-11-05 19:55:56,105 - root - INFO - Precisão: 0.1924944000219197
2025-11-05 19:55:56,105 - root - INFO - Recall: 0.1667
2025-11-05 19:55:56,105 - root - INFO - F1: 0.1563357553192325
2025-11-05 19:55:56,106 - root - INFO - Matriz de confusão:
[[125 133  64  89  78  72  79 184  42 134]
 [ 10 267  24  69  40 133  92 159  13 193]
 [ 61 119  52  98  89 122 113 174  16 156]
 [ 12 104  24 135  72 191  98 180  11 173]
 [ 17 134  40 116  90 150 101 180  11 161]
 [  9 112  25 116  63 229 106 205   6 129]
 [  9 153  34 119  79 174 130 168  10 124]
 [  9 103  18  98  61 149  94 273   9 186]
 [ 66 199  40  98  70  97  73 112  63 182]
 [ 16 118  19  86  57 122  85 187   7 303]]
2025-11-05 19:55:56,106 - root - INFO - Salvando informações da época no arquivo CSV
2025-11-05 19:55:56,107 - root - INFO - [EXECUCAO 10] [TUPLA 6] Iniciando wisard
2025-11-05 19:55:56,107 - root - INFO - [EXECUCAO 10] [TUPLA 6] Iniciando modelo da wisard
2025-11-05 19:55:56,307 - root - INFO - [EXECUCAO 10] [TUPLA 6] Iniciando treino do WisardPKG 
2025-11-05 19:56:57,166 - root - INFO - [EXECUCAO 10] [TUPLA 6] Fim do treinamento do WisardPKG. Tempo total do treino: 60.8582181930542
2025-11-05 19:56:57,167 - root - INFO - [EXECUCAO 10] [TUPLA 6] Iniciando teste do WisardPKG 
2025-11-05 19:58:12,220 - root - INFO - [EXECUCAO 10] [TUPLA 6] Fim do teste do WisardPKG . Tempo total de inferência: 75.0535261631012
2025-11-05 19:58:12,221 - root - INFO - [EXECUCAO 10] [TUPLA 6] Execução do modelo  concluída em 135.9117443561554
2025-11-05 19:58:12,221 - root - INFO - [EXECUCAO 10] [TUPLA 6] Tempo de execução do treino: 60.8582181930542
2025-11-05 19:58:12,221 - root - INFO - [EXECUCAO 10] [TUPLA 6] Tempo de execução do teste: 75.0535261631012
2025-11-05 19:58:12,222 - root - INFO - Calculando métricas de desempenho
2025-11-05 19:58:12,365 - root - INFO - 
---------- Métricas ----------
2025-11-05 19:58:12,365 - root - INFO - Accuracy: 0.1673
2025-11-05 19:58:12,365 - root - INFO - Precisão: 0.19585434012092479
2025-11-05 19:58:12,365 - root - INFO - Recall: 0.1673
2025-11-05 19:58:12,365 - root - INFO - F1: 0.1584476902066027
2025-11-05 19:58:12,366 - root - INFO - Matriz de confusão:
[[127 153  73  62  73  75  93 183  34 127]
 [ 11 260  18  68  49 132  95 162  18 187]
 [ 48 121  68  97  79 128 115 189  19 136]
 [ 12 104  27 146  74 182 103 193   8 151]
 [ 13 125  40  99  82 160 124 196  15 146]
 [ 11 110  20 159  78 224 100 154  12 132]
 [  9 124  28  98  69 172 145 206  12 137]
 [ 13  96  32 108  62 133  81 269   7 199]
 [ 60 200  49  88  60 109  66 121  62 185]
 [ 12 152  16  84  64 125  57 187  13 290]]
2025-11-05 19:58:12,366 - root - INFO - Salvando informações da época no arquivo CSV
2025-11-05 19:58:12,366 - root - INFO - [EXECUCAO 1] [TUPLA 8] Iniciando wisard
2025-11-05 19:58:12,367 - root - INFO - [EXECUCAO 1] [TUPLA 8] Iniciando modelo da wisard
2025-11-05 19:58:12,528 - root - INFO - [EXECUCAO 1] [TUPLA 8] Iniciando treino do WisardPKG 
2025-11-05 19:59:11,055 - root - INFO - [EXECUCAO 1] [TUPLA 8] Fim do treinamento do WisardPKG. Tempo total do treino: 58.526158571243286
2025-11-05 19:59:11,056 - root - INFO - [EXECUCAO 1] [TUPLA 8] Iniciando teste do WisardPKG 
2025-11-05 20:00:13,680 - root - INFO - [EXECUCAO 1] [TUPLA 8] Fim do teste do WisardPKG . Tempo total de inferência: 62.624027252197266
2025-11-05 20:00:13,681 - root - INFO - [EXECUCAO 1] [TUPLA 8] Execução do modelo  concluída em 121.15018582344055
2025-11-05 20:00:13,681 - root - INFO - [EXECUCAO 1] [TUPLA 8] Tempo de execução do treino: 58.526158571243286
2025-11-05 20:00:13,681 - root - INFO - [EXECUCAO 1] [TUPLA 8] Tempo de execução do teste: 62.624027252197266
2025-11-05 20:00:13,681 - root - INFO - Calculando métricas de desempenho
2025-11-05 20:00:13,814 - root - INFO - 
---------- Métricas ----------
2025-11-05 20:00:13,814 - root - INFO - Accuracy: 0.1786
2025-11-05 20:00:13,814 - root - INFO - Precisão: 0.2128602068184508
2025-11-05 20:00:13,815 - root - INFO - Recall: 0.17859999999999998
2025-11-05 20:00:13,815 - root - INFO - F1: 0.1643950779589596
2025-11-05 20:00:13,815 - root - INFO - Matriz de confusão:
[[138 157  71  63  51  79  79 208  33 121]
 [ 10 284  12  81  38 132  65 169   8 201]
 [ 49 138  64  86  62 137  99 219  14 132]
 [  9 112  20 128  48 199  97 208   5 174]
 [ 16 132  47  93  65 160  92 219  12 164]
 [  6 109  22 125  48 278  71 206   7 128]
 [ 11 142  24 102  65 186 119 181   6 164]
 [ 11 111  14  77  56 132  63 316   3 217]
 [ 61 211  40  76  53 108  65 133  57 196]
 [  7 149  13  74  30 100  70 216   4 337]]
2025-11-05 20:00:13,815 - root - INFO - Salvando informações da época no arquivo CSV
2025-11-05 20:00:13,816 - root - INFO - [EXECUCAO 2] [TUPLA 8] Iniciando wisard
2025-11-05 20:00:13,816 - root - INFO - [EXECUCAO 2] [TUPLA 8] Iniciando modelo da wisard
2025-11-05 20:00:14,211 - root - INFO - [EXECUCAO 2] [TUPLA 8] Iniciando treino do WisardPKG 
2025-11-05 20:01:13,782 - root - INFO - [EXECUCAO 2] [TUPLA 8] Fim do treinamento do WisardPKG. Tempo total do treino: 59.5698025226593
2025-11-05 20:01:13,782 - root - INFO - [EXECUCAO 2] [TUPLA 8] Iniciando teste do WisardPKG 
2025-11-05 20:02:15,659 - root - INFO - [EXECUCAO 2] [TUPLA 8] Fim do teste do WisardPKG . Tempo total de inferência: 61.876364946365356
2025-11-05 20:02:15,660 - root - INFO - [EXECUCAO 2] [TUPLA 8] Execução do modelo  concluída em 121.44616746902466
2025-11-05 20:02:15,660 - root - INFO - [EXECUCAO 2] [TUPLA 8] Tempo de execução do treino: 59.5698025226593
2025-11-05 20:02:15,660 - root - INFO - [EXECUCAO 2] [TUPLA 8] Tempo de execução do teste: 61.876364946365356
2025-11-05 20:02:15,660 - root - INFO - Calculando métricas de desempenho
2025-11-05 20:02:15,789 - root - INFO - 
---------- Métricas ----------
2025-11-05 20:02:15,790 - root - INFO - Accuracy: 0.1789
2025-11-05 20:02:15,790 - root - INFO - Precisão: 0.21879180332850862
2025-11-05 20:02:15,790 - root - INFO - Recall: 0.1789
2025-11-05 20:02:15,790 - root - INFO - F1: 0.16348667769979602
2025-11-05 20:02:15,790 - root - INFO - Matriz de confusão:
[[132 140  78  60  58  86  70 206  30 140]
 [ 11 322  11  68  31 127  68 148   6 208]
 [ 51 143  77  86  54 138 110 203  13 125]
 [  7 113  22  98  46 217  92 224   5 176]
 [ 17 143  34  95  62 159  90 221  11 168]
 [  5 117  23 130  64 246  72 199   1 143]
 [  8 132  24 105  54 180 114 202   4 177]
 [  9 113  13  69  52 139  50 354   5 196]
 [ 49 223  41  94  44  99  56 126  57 211]
 [  6 160  16  76  31  99  55 227   3 327]]
2025-11-05 20:02:15,791 - root - INFO - Salvando informações da época no arquivo CSV
2025-11-05 20:02:15,791 - root - INFO - [EXECUCAO 3] [TUPLA 8] Iniciando wisard
2025-11-05 20:02:15,791 - root - INFO - [EXECUCAO 3] [TUPLA 8] Iniciando modelo da wisard
2025-11-05 20:02:16,177 - root - INFO - [EXECUCAO 3] [TUPLA 8] Iniciando treino do WisardPKG 
2025-11-05 20:03:14,262 - root - INFO - [EXECUCAO 3] [TUPLA 8] Fim do treinamento do WisardPKG. Tempo total do treino: 58.08523941040039
2025-11-05 20:03:14,263 - root - INFO - [EXECUCAO 3] [TUPLA 8] Iniciando teste do WisardPKG 
2025-11-05 20:04:16,383 - root - INFO - [EXECUCAO 3] [TUPLA 8] Fim do teste do WisardPKG . Tempo total de inferência: 62.11967396736145
2025-11-05 20:04:16,384 - root - INFO - [EXECUCAO 3] [TUPLA 8] Execução do modelo  concluída em 120.20491337776184
2025-11-05 20:04:16,384 - root - INFO - [EXECUCAO 3] [TUPLA 8] Tempo de execução do treino: 58.08523941040039
2025-11-05 20:04:16,384 - root - INFO - [EXECUCAO 3] [TUPLA 8] Tempo de execução do teste: 62.11967396736145
2025-11-05 20:04:16,385 - root - INFO - Calculando métricas de desempenho
2025-11-05 20:04:16,540 - root - INFO - 
---------- Métricas ----------
2025-11-05 20:04:16,541 - root - INFO - Accuracy: 0.1854
2025-11-05 20:04:16,541 - root - INFO - Precisão: 0.21570522838484157
2025-11-05 20:04:16,541 - root - INFO - Recall: 0.18539999999999998
2025-11-05 20:04:16,541 - root - INFO - F1: 0.17034925516630098
2025-11-05 20:04:16,543 - root - INFO - Matriz de confusão:
[[137 143  77  55  56  88  59 186  53 146]
 [ 11 286  16  67  27 126  65 165  15 222]
 [ 46 126  62  82  65 156 106 191  14 152]
 [ 14 119  19 123  41 220  69 212   6 177]
 [ 14 135  32  98  76 166  94 206  16 163]
 [  7 107  20 107  43 285  81 188   7 155]
 [ 12 146  26  99  52 194 127 179   5 160]
 [  9 111  12  74  47 128  68 349   4 198]
 [ 59 212  34  87  52 113  66 131  66 180]
 [  4 153   7  64  33 123  51 213   9 343]]
2025-11-05 20:04:16,544 - root - INFO - Salvando informações da época no arquivo CSV
2025-11-05 20:04:16,544 - root - INFO - [EXECUCAO 4] [TUPLA 8] Iniciando wisard
2025-11-05 20:04:16,545 - root - INFO - [EXECUCAO 4] [TUPLA 8] Iniciando modelo da wisard
2025-11-05 20:04:16,978 - root - INFO - [EXECUCAO 4] [TUPLA 8] Iniciando treino do WisardPKG 
2025-11-05 20:05:15,077 - root - INFO - [EXECUCAO 4] [TUPLA 8] Fim do treinamento do WisardPKG. Tempo total do treino: 58.09850001335144
2025-11-05 20:05:15,078 - root - INFO - [EXECUCAO 4] [TUPLA 8] Iniciando teste do WisardPKG 
2025-11-05 20:06:18,194 - root - INFO - [EXECUCAO 4] [TUPLA 8] Fim do teste do WisardPKG . Tempo total de inferência: 63.116145849227905
2025-11-05 20:06:18,195 - root - INFO - [EXECUCAO 4] [TUPLA 8] Execução do modelo  concluída em 121.21464586257935
2025-11-05 20:06:18,195 - root - INFO - [EXECUCAO 4] [TUPLA 8] Tempo de execução do treino: 58.09850001335144
2025-11-05 20:06:18,195 - root - INFO - [EXECUCAO 4] [TUPLA 8] Tempo de execução do teste: 63.116145849227905
2025-11-05 20:06:18,195 - root - INFO - Calculando métricas de desempenho
2025-11-05 20:06:18,344 - root - INFO - 
---------- Métricas ----------
2025-11-05 20:06:18,344 - root - INFO - Accuracy: 0.1798
2025-11-05 20:06:18,344 - root - INFO - Precisão: 0.21650993078575392
2025-11-05 20:06:18,344 - root - INFO - Recall: 0.17980000000000002
2025-11-05 20:06:18,345 - root - INFO - F1: 0.16625540713965442
2025-11-05 20:06:18,345 - root - INFO - Matriz de confusão:
[[138 139  55  60  54  88  78 221  41 126]
 [  7 310  11  68  47 121  78 152   8 198]
 [ 49 154  58  71  78 131 100 223  15 121]
 [ 10 114  22 120  48 206 100 205   4 171]
 [ 21 116  20 104  79 160  97 237  15 151]
 [  6 111  12 118  58 267  96 189   3 140]
 [  5 144  22  92  63 169 133 206   3 163]
 [  3  98  11  74  32 151  64 337   5 225]
 [ 65 208  36  87  55 114  69 132  61 173]
 [ 13 153  11  73  45 111  64 226   9 295]]
2025-11-05 20:06:18,345 - root - INFO - Salvando informações da época no arquivo CSV
2025-11-05 20:06:18,346 - root - INFO - [EXECUCAO 5] [TUPLA 8] Iniciando wisard
2025-11-05 20:06:18,346 - root - INFO - [EXECUCAO 5] [TUPLA 8] Iniciando modelo da wisard
2025-11-05 20:06:18,699 - root - INFO - [EXECUCAO 5] [TUPLA 8] Iniciando treino do WisardPKG 
2025-11-05 20:07:17,003 - root - INFO - [EXECUCAO 5] [TUPLA 8] Fim do treinamento do WisardPKG. Tempo total do treino: 58.30361533164978
2025-11-05 20:07:17,004 - root - INFO - [EXECUCAO 5] [TUPLA 8] Iniciando teste do WisardPKG 
2025-11-05 20:08:20,941 - root - INFO - [EXECUCAO 5] [TUPLA 8] Fim do teste do WisardPKG . Tempo total de inferência: 63.936442852020264
2025-11-05 20:08:20,941 - root - INFO - [EXECUCAO 5] [TUPLA 8] Execução do modelo  concluída em 122.24005818367004
2025-11-05 20:08:20,942 - root - INFO - [EXECUCAO 5] [TUPLA 8] Tempo de execução do treino: 58.30361533164978
2025-11-05 20:08:20,942 - root - INFO - [EXECUCAO 5] [TUPLA 8] Tempo de execução do teste: 63.936442852020264
2025-11-05 20:08:20,942 - root - INFO - Calculando métricas de desempenho
2025-11-05 20:08:21,076 - root - INFO - 
---------- Métricas ----------
2025-11-05 20:08:21,077 - root - INFO - Accuracy: 0.1782
2025-11-05 20:08:21,077 - root - INFO - Precisão: 0.21768638996569073
2025-11-05 20:08:21,077 - root - INFO - Recall: 0.1782
2025-11-05 20:08:21,077 - root - INFO - F1: 0.16479575816147096
2025-11-05 20:08:21,080 - root - INFO - Matriz de confusão:
[[151 153  64  56  56  85  81 184  29 141]
 [  8 311  17  66  39 124  81 154   7 193]
 [ 56 132  59  87  71 130 115 200  16 134]
 [ 14 117  18 125  53 221  73 209   6 164]
 [ 15 127  34  96  69 163 100 208   6 182]
 [  5 127  11 123  41 266  78 208   1 140]
 [ 13 139  24  90  61 189 120 203   5 156]
 [  4 109  11  87  47 133  72 334   3 200]
 [ 55 229  49  82  60 104  73  93  58 197]
 [ 14 155   9  79  42 110  60 236   6 289]]
2025-11-05 20:08:21,080 - root - INFO - Salvando informações da época no arquivo CSV
2025-11-05 20:08:21,081 - root - INFO - [EXECUCAO 6] [TUPLA 8] Iniciando wisard
2025-11-05 20:08:21,082 - root - INFO - [EXECUCAO 6] [TUPLA 8] Iniciando modelo da wisard
2025-11-05 20:08:21,483 - root - INFO - [EXECUCAO 6] [TUPLA 8] Iniciando treino do WisardPKG 
2025-11-05 20:09:20,234 - root - INFO - [EXECUCAO 6] [TUPLA 8] Fim do treinamento do WisardPKG. Tempo total do treino: 58.75072503089905
2025-11-05 20:09:20,235 - root - INFO - [EXECUCAO 6] [TUPLA 8] Iniciando teste do WisardPKG 
2025-11-05 20:10:22,882 - root - INFO - [EXECUCAO 6] [TUPLA 8] Fim do teste do WisardPKG . Tempo total de inferência: 62.6474072933197
2025-11-05 20:10:22,883 - root - INFO - [EXECUCAO 6] [TUPLA 8] Execução do modelo  concluída em 121.39813232421875
2025-11-05 20:10:22,883 - root - INFO - [EXECUCAO 6] [TUPLA 8] Tempo de execução do treino: 58.75072503089905
2025-11-05 20:10:22,883 - root - INFO - [EXECUCAO 6] [TUPLA 8] Tempo de execução do teste: 62.6474072933197
2025-11-05 20:10:22,883 - root - INFO - Calculando métricas de desempenho
2025-11-05 20:10:23,018 - root - INFO - 
---------- Métricas ----------
2025-11-05 20:10:23,019 - root - INFO - Accuracy: 0.1787
2025-11-05 20:10:23,019 - root - INFO - Precisão: 0.20979498067619345
2025-11-05 20:10:23,019 - root - INFO - Recall: 0.1787
2025-11-05 20:10:23,019 - root - INFO - F1: 0.16164645258404725
2025-11-05 20:10:23,020 - root - INFO - Matriz de confusão:
[[115 145 100  52  63  88  77 198  28 134]
 [  9 317  13  69  37 122  60 134   7 232]
 [ 42 138  44  93  62 149 109 193  16 154]
 [  8 121  16 132  43 205  74 234   5 162]
 [ 17 140  33  91  58 170  91 233   9 158]
 [ 11 111  16 124  44 275  67 191   4 157]
 [ 12 142  20  94  51 179 132 203   4 163]
 [  9 113  11  85  46 132  60 327   8 209]
 [ 63 203  41  74  51 107  74 136  60 191]
 [  6 158  12  94  31  92  41 236   3 327]]
2025-11-05 20:10:23,020 - root - INFO - Salvando informações da época no arquivo CSV
2025-11-05 20:10:23,020 - root - INFO - [EXECUCAO 7] [TUPLA 8] Iniciando wisard
2025-11-05 20:10:23,020 - root - INFO - [EXECUCAO 7] [TUPLA 8] Iniciando modelo da wisard
2025-11-05 20:10:23,369 - root - INFO - [EXECUCAO 7] [TUPLA 8] Iniciando treino do WisardPKG 
2025-11-05 20:11:32,972 - root - INFO - [EXECUCAO 7] [TUPLA 8] Fim do treinamento do WisardPKG. Tempo total do treino: 69.60220909118652
2025-11-05 20:11:32,973 - root - INFO - [EXECUCAO 7] [TUPLA 8] Iniciando teste do WisardPKG 
2025-11-05 20:12:37,614 - root - INFO - [EXECUCAO 7] [TUPLA 8] Fim do teste do WisardPKG . Tempo total de inferência: 64.63966727256775
2025-11-05 20:12:37,614 - root - INFO - [EXECUCAO 7] [TUPLA 8] Execução do modelo  concluída em 134.24187636375427
2025-11-05 20:12:37,615 - root - INFO - [EXECUCAO 7] [TUPLA 8] Tempo de execução do treino: 69.60220909118652
2025-11-05 20:12:37,615 - root - INFO - [EXECUCAO 7] [TUPLA 8] Tempo de execução do teste: 64.63966727256775
2025-11-05 20:12:37,615 - root - INFO - Calculando métricas de desempenho
2025-11-05 20:12:37,747 - root - INFO - 
---------- Métricas ----------
2025-11-05 20:12:37,748 - root - INFO - Accuracy: 0.1826
2025-11-05 20:12:37,748 - root - INFO - Precisão: 0.21883207187931603
2025-11-05 20:12:37,748 - root - INFO - Recall: 0.1826
2025-11-05 20:12:37,748 - root - INFO - F1: 0.16846808707674393
2025-11-05 20:12:37,750 - root - INFO - Matriz de confusão:
[[140 153  73  52  57  90  67 180  45 143]
 [  6 292  11  70  38 118  84 162  12 207]
 [ 38 141  67  84  74 149 102 199  15 131]
 [  9 115  21 128  51 197  99 206   4 170]
 [ 12 124  26 100  65 156 117 235  12 153]
 [  9 106  17 114  49 259  75 211   3 157]
 [ 16 138  32 111  39 177 143 193   4 147]
 [  7 102  14  84  45 138  54 339   3 214]
 [ 53 231  34  83  55  96  71 128  57 192]
 [  6 141   7  66  45 127  49 216   7 336]]
2025-11-05 20:12:37,750 - root - INFO - Salvando informações da época no arquivo CSV
2025-11-05 20:12:37,751 - root - INFO - [EXECUCAO 8] [TUPLA 8] Iniciando wisard
2025-11-05 20:12:37,751 - root - INFO - [EXECUCAO 8] [TUPLA 8] Iniciando modelo da wisard
2025-11-05 20:12:38,137 - root - INFO - [EXECUCAO 8] [TUPLA 8] Iniciando treino do WisardPKG 
2025-11-05 20:13:36,199 - root - INFO - [EXECUCAO 8] [TUPLA 8] Fim do treinamento do WisardPKG. Tempo total do treino: 58.0613899230957
2025-11-05 20:13:36,200 - root - INFO - [EXECUCAO 8] [TUPLA 8] Iniciando teste do WisardPKG 
2025-11-05 20:14:38,793 - root - INFO - [EXECUCAO 8] [TUPLA 8] Fim do teste do WisardPKG . Tempo total de inferência: 62.592406034469604
2025-11-05 20:14:38,793 - root - INFO - [EXECUCAO 8] [TUPLA 8] Execução do modelo  concluída em 120.65379595756531
2025-11-05 20:14:38,794 - root - INFO - [EXECUCAO 8] [TUPLA 8] Tempo de execução do treino: 58.0613899230957
2025-11-05 20:14:38,794 - root - INFO - [EXECUCAO 8] [TUPLA 8] Tempo de execução do teste: 62.592406034469604
2025-11-05 20:14:38,794 - root - INFO - Calculando métricas de desempenho
2025-11-05 20:14:38,937 - root - INFO - 
---------- Métricas ----------
2025-11-05 20:14:38,937 - root - INFO - Accuracy: 0.1827
2025-11-05 20:14:38,937 - root - INFO - Precisão: 0.22306625426025267
2025-11-05 20:14:38,937 - root - INFO - Recall: 0.1827
2025-11-05 20:14:38,937 - root - INFO - F1: 0.16887066508926374
2025-11-05 20:14:38,938 - root - INFO - Matriz de confusão:
[[141 163  72  48  53  97  60 195  34 137]
 [  9 300   7  52  29 116  80 162  13 232]
 [ 51 145  52  91  73 155  94 178  12 149]
 [  5 122  10 134  51 202  92 197   4 183]
 [ 18 138  25  97  85 145  89 232   9 162]
 [  6 108  16 123  35 264  82 213   3 150]
 [ 12 158  18 103  61 177 121 189   7 154]
 [  6 107  15  75  43 124  74 330   6 220]
 [ 59 208  51  82  51 103  59 123  67 197]
 [  6 155  11  65  34 102  54 237   3 333]]
2025-11-05 20:14:38,938 - root - INFO - Salvando informações da época no arquivo CSV
2025-11-05 20:14:38,939 - root - INFO - [EXECUCAO 9] [TUPLA 8] Iniciando wisard
2025-11-05 20:14:38,939 - root - INFO - [EXECUCAO 9] [TUPLA 8] Iniciando modelo da wisard
2025-11-05 20:14:39,319 - root - INFO - [EXECUCAO 9] [TUPLA 8] Iniciando treino do WisardPKG 
2025-11-05 20:15:40,769 - root - INFO - [EXECUCAO 9] [TUPLA 8] Fim do treinamento do WisardPKG. Tempo total do treino: 61.44973134994507
2025-11-05 20:15:40,770 - root - INFO - [EXECUCAO 9] [TUPLA 8] Iniciando teste do WisardPKG 
2025-11-05 20:16:47,060 - root - INFO - [EXECUCAO 9] [TUPLA 8] Fim do teste do WisardPKG . Tempo total de inferência: 66.28962278366089
2025-11-05 20:16:47,060 - root - INFO - [EXECUCAO 9] [TUPLA 8] Execução do modelo  concluída em 127.73935413360596
2025-11-05 20:16:47,061 - root - INFO - [EXECUCAO 9] [TUPLA 8] Tempo de execução do treino: 61.44973134994507
2025-11-05 20:16:47,061 - root - INFO - [EXECUCAO 9] [TUPLA 8] Tempo de execução do teste: 66.28962278366089
2025-11-05 20:16:47,061 - root - INFO - Calculando métricas de desempenho
2025-11-05 20:16:47,195 - root - INFO - 
---------- Métricas ----------
2025-11-05 20:16:47,196 - root - INFO - Accuracy: 0.1833
2025-11-05 20:16:47,196 - root - INFO - Precisão: 0.21613518526795716
2025-11-05 20:16:47,196 - root - INFO - Recall: 0.1833
2025-11-05 20:16:47,196 - root - INFO - F1: 0.16752119026964635
2025-11-05 20:16:47,197 - root - INFO - Matriz de confusão:
[[147 161  68  57  61  68  57 182  31 168]
 [ 12 325  11  55  25 125  64 168   7 208]
 [ 49 135  63  98  74 129 102 202   9 139]
 [ 17 122  19 125  48 202  76 213   8 170]
 [ 10 139  33 101  60 164  97 216  12 168]
 [ 10  89  27 118  43 258  81 215   3 156]
 [  9 146  27 100  51 191 136 178   4 158]
 [  6  97  14  74  45 145  56 332   5 226]
 [ 63 195  39  80  67  99  76 124  48 209]
 [  7 152   5  58  38 114  50 231   6 339]]
2025-11-05 20:16:47,197 - root - INFO - Salvando informações da época no arquivo CSV
2025-11-05 20:16:47,197 - root - INFO - [EXECUCAO 10] [TUPLA 8] Iniciando wisard
2025-11-05 20:16:47,198 - root - INFO - [EXECUCAO 10] [TUPLA 8] Iniciando modelo da wisard
2025-11-05 20:16:47,579 - root - INFO - [EXECUCAO 10] [TUPLA 8] Iniciando treino do WisardPKG 
2025-11-05 20:17:47,659 - root - INFO - [EXECUCAO 10] [TUPLA 8] Fim do treinamento do WisardPKG. Tempo total do treino: 60.0797700881958
2025-11-05 20:17:47,660 - root - INFO - [EXECUCAO 10] [TUPLA 8] Iniciando teste do WisardPKG 
2025-11-05 20:18:50,713 - root - INFO - [EXECUCAO 10] [TUPLA 8] Fim do teste do WisardPKG . Tempo total de inferência: 63.05242872238159
2025-11-05 20:18:50,714 - root - INFO - [EXECUCAO 10] [TUPLA 8] Execução do modelo  concluída em 123.13219881057739
2025-11-05 20:18:50,714 - root - INFO - [EXECUCAO 10] [TUPLA 8] Tempo de execução do treino: 60.0797700881958
2025-11-05 20:18:50,714 - root - INFO - [EXECUCAO 10] [TUPLA 8] Tempo de execução do teste: 63.05242872238159
2025-11-05 20:18:50,714 - root - INFO - Calculando métricas de desempenho
2025-11-05 20:18:50,863 - root - INFO - 
---------- Métricas ----------
2025-11-05 20:18:50,863 - root - INFO - Accuracy: 0.1825
2025-11-05 20:18:50,863 - root - INFO - Precisão: 0.2192139491352459
2025-11-05 20:18:50,863 - root - INFO - Recall: 0.18250000000000002
2025-11-05 20:18:50,863 - root - INFO - F1: 0.16850912981089325
2025-11-05 20:18:50,864 - root - INFO - Matriz de confusão:
[[136 146  74  60  65  82  71 191  41 134]
 [ 14 290  20  65  40 119  70 148  15 219]
 [ 45 150  62  97  81 143 105 171  12 134]
 [ 13  98  19 134  46 208  89 218   5 170]
 [ 15 130  31  99  76 157 108 211  10 163]
 [  6  95  24 126  42 280  77 195   5 150]
 [  9 140  20 116  58 208 109 189   3 148]
 [  6 109  12  80  42 133  66 334   5 213]
 [ 48 228  34  99  63 105  61 118  68 176]
 [  4 162  13  62  31 106  68 211   7 336]]
2025-11-05 20:18:50,865 - root - INFO - Salvando informações da época no arquivo CSV
2025-11-05 20:18:50,865 - root - INFO - [EXECUCAO 1] [TUPLA 12] Iniciando wisard
2025-11-05 20:18:50,866 - root - INFO - [EXECUCAO 1] [TUPLA 12] Iniciando modelo da wisard
2025-11-05 20:18:51,225 - root - INFO - [EXECUCAO 1] [TUPLA 12] Iniciando treino do WisardPKG 
2025-11-05 20:19:51,696 - root - INFO - [EXECUCAO 1] [TUPLA 12] Fim do treinamento do WisardPKG. Tempo total do treino: 60.470977544784546
2025-11-05 20:19:51,698 - root - INFO - [EXECUCAO 1] [TUPLA 12] Iniciando teste do WisardPKG 
2025-11-05 20:20:46,325 - root - INFO - [EXECUCAO 1] [TUPLA 12] Fim do teste do WisardPKG . Tempo total de inferência: 54.62687802314758
2025-11-05 20:20:46,326 - root - INFO - [EXECUCAO 1] [TUPLA 12] Execução do modelo  concluída em 115.09785556793213
2025-11-05 20:20:46,326 - root - INFO - [EXECUCAO 1] [TUPLA 12] Tempo de execução do treino: 60.470977544784546
2025-11-05 20:20:46,326 - root - INFO - [EXECUCAO 1] [TUPLA 12] Tempo de execução do teste: 54.62687802314758
2025-11-05 20:20:46,327 - root - INFO - Calculando métricas de desempenho
2025-11-05 20:20:46,468 - root - INFO - 
---------- Métricas ----------
2025-11-05 20:20:46,468 - root - INFO - Accuracy: 0.1996
2025-11-05 20:20:46,468 - root - INFO - Precisão: 0.2353904000312125
2025-11-05 20:20:46,468 - root - INFO - Recall: 0.1996
2025-11-05 20:20:46,468 - root - INFO - F1: 0.17705762641028527
2025-11-05 20:20:46,469 - root - INFO - Matriz de confusão:
[[160 167  68  49  36  81  51 210  36 142]
 [  6 369  10  44  15 148  44 151   9 204]
 [ 53 151  60  70  49 152  88 213  21 143]
 [ 14 131  23 103  27 238  61 233   2 168]
 [ 15 142  25  77  47 201  79 231  13 170]
 [  7 114  15  93  25 318  56 227   2 143]
 [  7 159  18  79  34 220 110 219   4 150]
 [  4 113   6  45  28 162  38 385   5 214]
 [ 53 244  35  76  35 122  34 120  59 222]
 [  4 177   5  45  18 123  32 208   3 385]]
2025-11-05 20:20:46,469 - root - INFO - Salvando informações da época no arquivo CSV
2025-11-05 20:20:46,469 - root - INFO - [EXECUCAO 2] [TUPLA 12] Iniciando wisard
2025-11-05 20:20:46,470 - root - INFO - [EXECUCAO 2] [TUPLA 12] Iniciando modelo da wisard
2025-11-05 20:20:47,708 - root - INFO - [EXECUCAO 2] [TUPLA 12] Iniciando treino do WisardPKG 
2025-11-05 20:21:47,445 - root - INFO - [EXECUCAO 2] [TUPLA 12] Fim do treinamento do WisardPKG. Tempo total do treino: 59.73704743385315
2025-11-05 20:21:47,446 - root - INFO - [EXECUCAO 2] [TUPLA 12] Iniciando teste do WisardPKG 
2025-11-05 20:22:43,278 - root - INFO - [EXECUCAO 2] [TUPLA 12] Fim do teste do WisardPKG . Tempo total de inferência: 55.8312304019928
2025-11-05 20:22:43,279 - root - INFO - [EXECUCAO 2] [TUPLA 12] Execução do modelo  concluída em 115.56827783584595
2025-11-05 20:22:43,279 - root - INFO - [EXECUCAO 2] [TUPLA 12] Tempo de execução do treino: 59.73704743385315
2025-11-05 20:22:43,279 - root - INFO - [EXECUCAO 2] [TUPLA 12] Tempo de execução do teste: 55.8312304019928
2025-11-05 20:22:43,279 - root - INFO - Calculando métricas de desempenho
2025-11-05 20:22:43,429 - root - INFO - 
---------- Métricas ----------
2025-11-05 20:22:43,429 - root - INFO - Accuracy: 0.2046
2025-11-05 20:22:43,429 - root - INFO - Precisão: 0.24825113159794426
2025-11-05 20:22:43,429 - root - INFO - Recall: 0.20460000000000003
2025-11-05 20:22:43,429 - root - INFO - F1: 0.1836951784608797
2025-11-05 20:22:43,430 - root - INFO - Matriz de confusão:
[[167 173  82  44  37  86  51 198  28 134]
 [ 12 337   4  53  15 156  57 145   8 213]
 [ 56 157  56  81  45 140  83 227  15 140]
 [ 15 124   9 122  16 258  63 217   3 173]
 [ 13 131  25  81  44 188  83 238   9 188]
 [  8 102   9 114  22 324  72 212   0 137]
 [ 11 138  16  88  34 228 131 194   9 151]
 [  3 113   9  54  25 164  35 390   3 204]
 [ 54 229  29  78  35 114  51 123  74 213]
 [  4 157   7  56  20 121  40 192   2 401]]
2025-11-05 20:22:43,430 - root - INFO - Salvando informações da época no arquivo CSV
2025-11-05 20:22:43,430 - root - INFO - [EXECUCAO 3] [TUPLA 12] Iniciando wisard
2025-11-05 20:22:43,430 - root - INFO - [EXECUCAO 3] [TUPLA 12] Iniciando modelo da wisard
2025-11-05 20:22:44,570 - root - INFO - [EXECUCAO 3] [TUPLA 12] Iniciando treino do WisardPKG 
2025-11-05 20:23:42,690 - root - INFO - [EXECUCAO 3] [TUPLA 12] Fim do treinamento do WisardPKG. Tempo total do treino: 58.120256423950195
2025-11-05 20:23:42,691 - root - INFO - [EXECUCAO 3] [TUPLA 12] Iniciando teste do WisardPKG 
2025-11-05 20:24:37,307 - root - INFO - [EXECUCAO 3] [TUPLA 12] Fim do teste do WisardPKG . Tempo total de inferência: 54.61598348617554
2025-11-05 20:24:37,308 - root - INFO - [EXECUCAO 3] [TUPLA 12] Execução do modelo  concluída em 112.73623991012573
2025-11-05 20:24:37,309 - root - INFO - [EXECUCAO 3] [TUPLA 12] Tempo de execução do treino: 58.120256423950195
2025-11-05 20:24:37,309 - root - INFO - [EXECUCAO 3] [TUPLA 12] Tempo de execução do teste: 54.61598348617554
2025-11-05 20:24:37,309 - root - INFO - Calculando métricas de desempenho
2025-11-05 20:24:37,457 - root - INFO - 
---------- Métricas ----------
2025-11-05 20:24:37,457 - root - INFO - Accuracy: 0.2009
2025-11-05 20:24:37,457 - root - INFO - Precisão: 0.23529053176259535
2025-11-05 20:24:37,457 - root - INFO - Recall: 0.20090000000000002
2025-11-05 20:24:37,457 - root - INFO - F1: 0.17707042082933164
2025-11-05 20:24:37,458 - root - INFO - Matriz de confusão:
[[146 173  75  38  49  88  51 195  36 149]
 [  7 356   2  52  22 140  48 143   4 226]
 [ 57 160  58  71  45 177  92 187  13 140]
 [  8 114  16 121  24 260  57 216   2 182]
 [ 13 139  30  88  52 202  87 222   4 163]
 [ 14  79   6 120  36 328  68 207   3 139]
 [ 10 138  17  87  37 239 111 195   5 161]
 [  6 115   6  50  27 162  53 391   5 185]
 [ 51 235  31  79  41 111  55 118  49 230]
 [  4 158   4  64  17 117  28 208   3 397]]
2025-11-05 20:24:37,458 - root - INFO - Salvando informações da época no arquivo CSV
2025-11-05 20:24:37,459 - root - INFO - [EXECUCAO 4] [TUPLA 12] Iniciando wisard
2025-11-05 20:24:37,459 - root - INFO - [EXECUCAO 4] [TUPLA 12] Iniciando modelo da wisard
2025-11-05 20:24:38,594 - root - INFO - [EXECUCAO 4] [TUPLA 12] Iniciando treino do WisardPKG 
2025-11-05 20:25:35,979 - root - INFO - [EXECUCAO 4] [TUPLA 12] Fim do treinamento do WisardPKG. Tempo total do treino: 57.38418507575989
2025-11-05 20:25:35,980 - root - INFO - [EXECUCAO 4] [TUPLA 12] Iniciando teste do WisardPKG 
2025-11-05 20:26:30,590 - root - INFO - [EXECUCAO 4] [TUPLA 12] Fim do teste do WisardPKG . Tempo total de inferência: 54.609864950180054
2025-11-05 20:26:30,591 - root - INFO - [EXECUCAO 4] [TUPLA 12] Execução do modelo  concluída em 111.99405002593994
2025-11-05 20:26:30,591 - root - INFO - [EXECUCAO 4] [TUPLA 12] Tempo de execução do treino: 57.38418507575989
2025-11-05 20:26:30,591 - root - INFO - [EXECUCAO 4] [TUPLA 12] Tempo de execução do teste: 54.609864950180054
2025-11-05 20:26:30,591 - root - INFO - Calculando métricas de desempenho
2025-11-05 20:26:30,732 - root - INFO - 
---------- Métricas ----------
2025-11-05 20:26:30,732 - root - INFO - Accuracy: 0.205
2025-11-05 20:26:30,732 - root - INFO - Precisão: 0.2427893621627435
2025-11-05 20:26:30,733 - root - INFO - Recall: 0.205
2025-11-05 20:26:30,733 - root - INFO - F1: 0.18135633153383268
2025-11-05 20:26:30,733 - root - INFO - Matriz de confusão:
[[158 182  71  34  29 104  50 206  34 132]
 [  9 367   6  46  12 136  51 143   6 224]
 [ 63 155  45  85  40 175  72 227  11 127]
 [  8 106  14 130  28 238  67 229   5 175]
 [ 12 145  31  78  51 173  78 248   6 178]
 [ 14 115   9  90  28 340  52 216   2 134]
 [ 10 156  12  75  44 209 125 206   4 159]
 [  5 122   3  54  20 151  48 389   2 206]
 [ 52 255  41  64  28 123  52 122  57 206]
 [  6 161   6  51  14 119  31 220   4 388]]
2025-11-05 20:26:30,733 - root - INFO - Salvando informações da época no arquivo CSV
2025-11-05 20:26:30,734 - root - INFO - [EXECUCAO 5] [TUPLA 12] Iniciando wisard
2025-11-05 20:26:30,734 - root - INFO - [EXECUCAO 5] [TUPLA 12] Iniciando modelo da wisard
2025-11-05 20:26:31,879 - root - INFO - [EXECUCAO 5] [TUPLA 12] Iniciando treino do WisardPKG 
2025-11-05 20:27:29,179 - root - INFO - [EXECUCAO 5] [TUPLA 12] Fim do treinamento do WisardPKG. Tempo total do treino: 57.29957151412964
2025-11-05 20:27:29,180 - root - INFO - [EXECUCAO 5] [TUPLA 12] Iniciando teste do WisardPKG 
2025-11-05 20:28:23,314 - root - INFO - [EXECUCAO 5] [TUPLA 12] Fim do teste do WisardPKG . Tempo total de inferência: 54.13291668891907
2025-11-05 20:28:23,314 - root - INFO - [EXECUCAO 5] [TUPLA 12] Execução do modelo  concluída em 111.4324882030487
2025-11-05 20:28:23,315 - root - INFO - [EXECUCAO 5] [TUPLA 12] Tempo de execução do treino: 57.29957151412964
2025-11-05 20:28:23,315 - root - INFO - [EXECUCAO 5] [TUPLA 12] Tempo de execução do teste: 54.13291668891907
2025-11-05 20:28:23,315 - root - INFO - Calculando métricas de desempenho
2025-11-05 20:28:23,455 - root - INFO - 
---------- Métricas ----------
2025-11-05 20:28:23,456 - root - INFO - Accuracy: 0.2037
2025-11-05 20:28:23,456 - root - INFO - Precisão: 0.23760862814586128
2025-11-05 20:28:23,456 - root - INFO - Recall: 0.2037
2025-11-05 20:28:23,456 - root - INFO - F1: 0.18047981924115178
2025-11-05 20:28:23,456 - root - INFO - Matriz de confusão:
[[162 169  60  51  35  85  42 209  45 142]
 [  8 357   9  47  18 122  54 153   8 224]
 [ 57 143  57  62  52 173  98 216  12 130]
 [ 17 127  11 124  21 241  57 216   4 182]
 [ 17 145  27  79  43 198  72 242  11 166]
 [  6  99  10  87  26 343  62 208   3 156]
 [ 14 132  23  88  48 223 102 209   3 158]
 [  4 115  10  51  23 164  44 407   3 179]
 [ 69 253  28  75  32 114  37 117  67 208]
 [  4 167   5  49  17 134  29 218   2 375]]
2025-11-05 20:28:23,457 - root - INFO - Salvando informações da época no arquivo CSV
2025-11-05 20:28:23,457 - root - INFO - [EXECUCAO 6] [TUPLA 12] Iniciando wisard
2025-11-05 20:28:23,457 - root - INFO - [EXECUCAO 6] [TUPLA 12] Iniciando modelo da wisard
2025-11-05 20:28:24,540 - root - INFO - [EXECUCAO 6] [TUPLA 12] Iniciando treino do WisardPKG 
2025-11-05 20:29:22,168 - root - INFO - [EXECUCAO 6] [TUPLA 12] Fim do treinamento do WisardPKG. Tempo total do treino: 57.628031492233276
2025-11-05 20:29:22,169 - root - INFO - [EXECUCAO 6] [TUPLA 12] Iniciando teste do WisardPKG 
2025-11-05 20:30:16,574 - root - INFO - [EXECUCAO 6] [TUPLA 12] Fim do teste do WisardPKG . Tempo total de inferência: 54.40478014945984
2025-11-05 20:30:16,575 - root - INFO - [EXECUCAO 6] [TUPLA 12] Execução do modelo  concluída em 112.03281164169312
2025-11-05 20:30:16,575 - root - INFO - [EXECUCAO 6] [TUPLA 12] Tempo de execução do treino: 57.628031492233276
2025-11-05 20:30:16,575 - root - INFO - [EXECUCAO 6] [TUPLA 12] Tempo de execução do teste: 54.40478014945984
2025-11-05 20:30:16,575 - root - INFO - Calculando métricas de desempenho
2025-11-05 20:30:16,705 - root - INFO - 
---------- Métricas ----------
2025-11-05 20:30:16,705 - root - INFO - Accuracy: 0.2
2025-11-05 20:30:16,705 - root - INFO - Precisão: 0.2399414138999194
2025-11-05 20:30:16,706 - root - INFO - Recall: 0.2
2025-11-05 20:30:16,706 - root - INFO - F1: 0.1770128993737785
2025-11-05 20:30:16,706 - root - INFO - Matriz de confusão:
[[138 170  84  37  46  75  64 189  30 167]
 [  8 337  10  53  17 144  54 143   8 226]
 [ 62 157  61  81  58 153  84 193   7 144]
 [  8 118  16 106  26 265  58 225   6 172]
 [ 13 134  22  85  42 197  79 247   8 173]
 [  8  93  13 100  25 354  69 199   1 138]
 [ 14 155  15  95  31 227 120 178   4 161]
 [  4 109   6  61  28 151  40 390   2 209]
 [ 56 224  27  79  34 122  50 121  68 219]
 [  4 169   7  59  23 116  26 209   3 384]]
2025-11-05 20:30:16,706 - root - INFO - Salvando informações da época no arquivo CSV
2025-11-05 20:30:16,707 - root - INFO - [EXECUCAO 7] [TUPLA 12] Iniciando wisard
2025-11-05 20:30:16,707 - root - INFO - [EXECUCAO 7] [TUPLA 12] Iniciando modelo da wisard
2025-11-05 20:30:17,916 - root - INFO - [EXECUCAO 7] [TUPLA 12] Iniciando treino do WisardPKG 
2025-11-05 20:31:15,316 - root - INFO - [EXECUCAO 7] [TUPLA 12] Fim do treinamento do WisardPKG. Tempo total do treino: 57.39904522895813
2025-11-05 20:31:15,317 - root - INFO - [EXECUCAO 7] [TUPLA 12] Iniciando teste do WisardPKG 
2025-11-05 20:32:09,957 - root - INFO - [EXECUCAO 7] [TUPLA 12] Fim do teste do WisardPKG . Tempo total de inferência: 54.6400785446167
2025-11-05 20:32:09,958 - root - INFO - [EXECUCAO 7] [TUPLA 12] Execução do modelo  concluída em 112.03912377357483
2025-11-05 20:32:09,958 - root - INFO - [EXECUCAO 7] [TUPLA 12] Tempo de execução do treino: 57.39904522895813
2025-11-05 20:32:09,958 - root - INFO - [EXECUCAO 7] [TUPLA 12] Tempo de execução do teste: 54.6400785446167
2025-11-05 20:32:09,958 - root - INFO - Calculando métricas de desempenho
2025-11-05 20:32:10,090 - root - INFO - 
---------- Métricas ----------
2025-11-05 20:32:10,091 - root - INFO - Accuracy: 0.1993
2025-11-05 20:32:10,091 - root - INFO - Precisão: 0.23004285793591164
2025-11-05 20:32:10,091 - root - INFO - Recall: 0.19930000000000003
2025-11-05 20:32:10,091 - root - INFO - F1: 0.17545809542538024
2025-11-05 20:32:10,091 - root - INFO - Matriz de confusão:
[[169 163  63  42  49  85  60 202  36 131]
 [ 10 375   9  58  24 138  46 128   3 209]
 [ 62 159  46  62  45 162  93 208  12 151]
 [  9 132  14  94  20 266  70 208   5 182]
 [ 22 152  26  76  37 189  68 227  13 190]
 [  9  94   9 119  30 344  62 181   2 150]
 [ 13 160  14  89  38 227 116 177   4 162]
 [  2 110   7  68  29 163  37 370   4 210]
 [ 62 250  33  93  27  99  52 119  62 203]
 [  6 163   7  72  18 118  39 195   2 380]]
2025-11-05 20:32:10,091 - root - INFO - Salvando informações da época no arquivo CSV
2025-11-05 20:32:10,092 - root - INFO - [EXECUCAO 8] [TUPLA 12] Iniciando wisard
2025-11-05 20:32:10,092 - root - INFO - [EXECUCAO 8] [TUPLA 12] Iniciando modelo da wisard
2025-11-05 20:32:11,257 - root - INFO - [EXECUCAO 8] [TUPLA 12] Iniciando treino do WisardPKG 
2025-11-05 20:33:23,718 - root - INFO - [EXECUCAO 8] [TUPLA 12] Fim do treinamento do WisardPKG. Tempo total do treino: 72.45992302894592
2025-11-05 20:33:23,719 - root - INFO - [EXECUCAO 8] [TUPLA 12] Iniciando teste do WisardPKG 
2025-11-05 20:34:19,798 - root - INFO - [EXECUCAO 8] [TUPLA 12] Fim do teste do WisardPKG . Tempo total de inferência: 56.07895064353943
2025-11-05 20:34:19,799 - root - INFO - [EXECUCAO 8] [TUPLA 12] Execução do modelo  concluída em 128.53887367248535
2025-11-05 20:34:19,799 - root - INFO - [EXECUCAO 8] [TUPLA 12] Tempo de execução do treino: 72.45992302894592
2025-11-05 20:34:19,799 - root - INFO - [EXECUCAO 8] [TUPLA 12] Tempo de execução do teste: 56.07895064353943
2025-11-05 20:34:19,799 - root - INFO - Calculando métricas de desempenho
2025-11-05 20:34:19,932 - root - INFO - 
---------- Métricas ----------
2025-11-05 20:34:19,933 - root - INFO - Accuracy: 0.1994
2025-11-05 20:34:19,933 - root - INFO - Precisão: 0.23901300146559618
2025-11-05 20:34:19,933 - root - INFO - Recall: 0.19940000000000002
2025-11-05 20:34:19,933 - root - INFO - F1: 0.17606569614256362
2025-11-05 20:34:19,934 - root - INFO - Matriz de confusão:
[[157 210  60  39  35  85  38 210  26 140]
 [  7 368   4  39  17 135  56 149   5 220]
 [ 69 154  54  81  52 149  91 217   8 125]
 [ 10 123  15 113  26 258  50 202   5 198]
 [ 19 141  29  88  47 198  75 219   7 177]
 [  8 106  16 106  26 322  70 189   1 156]
 [ 12 155  15  82  33 211 120 210   5 157]
 [  6 109   3  56  23 159  50 378   2 214]
 [ 57 268  25  74  31 114  56 117  52 206]
 [  8 156   5  57  18 122  27 219   5 383]]
2025-11-05 20:34:19,934 - root - INFO - Salvando informações da época no arquivo CSV
2025-11-05 20:34:19,934 - root - INFO - [EXECUCAO 9] [TUPLA 12] Iniciando wisard
2025-11-05 20:34:19,935 - root - INFO - [EXECUCAO 9] [TUPLA 12] Iniciando modelo da wisard
2025-11-05 20:34:21,096 - root - INFO - [EXECUCAO 9] [TUPLA 12] Iniciando treino do WisardPKG 
2025-11-05 20:35:18,645 - root - INFO - [EXECUCAO 9] [TUPLA 12] Fim do treinamento do WisardPKG. Tempo total do treino: 57.54911208152771
2025-11-05 20:35:18,646 - root - INFO - [EXECUCAO 9] [TUPLA 12] Iniciando teste do WisardPKG 
2025-11-05 20:36:15,421 - root - INFO - [EXECUCAO 9] [TUPLA 12] Fim do teste do WisardPKG . Tempo total de inferência: 56.77473497390747
2025-11-05 20:36:15,422 - root - INFO - [EXECUCAO 9] [TUPLA 12] Execução do modelo  concluída em 114.32384705543518
2025-11-05 20:36:15,422 - root - INFO - [EXECUCAO 9] [TUPLA 12] Tempo de execução do treino: 57.54911208152771
2025-11-05 20:36:15,422 - root - INFO - [EXECUCAO 9] [TUPLA 12] Tempo de execução do teste: 56.77473497390747
2025-11-05 20:36:15,422 - root - INFO - Calculando métricas de desempenho
2025-11-05 20:36:15,573 - root - INFO - 
---------- Métricas ----------
2025-11-05 20:36:15,573 - root - INFO - Accuracy: 0.2035
2025-11-05 20:36:15,573 - root - INFO - Precisão: 0.2434087554180496
2025-11-05 20:36:15,573 - root - INFO - Recall: 0.20350000000000001
2025-11-05 20:36:15,573 - root - INFO - F1: 0.1810403316217235
2025-11-05 20:36:15,574 - root - INFO - Matriz de confusão:
[[135 166  62  50  49  89  47 222  34 146]
 [  9 370   9  50  19 151  55 126   6 205]
 [ 59 144  66  79  67 163  69 201  16 136]
 [ 11 114  15 108  27 245  73 221   4 182]
 [ 12 160  29  65  60 177  77 238   5 177]
 [  5 100   9 102  29 331  84 190   5 145]
 [  8 165  19  66  26 214 126 213   5 158]
 [  4 105   8  73  22 152  53 386   3 194]
 [ 58 232  26  73  47 118  59 125  62 200]
 [  3 162   6  50  20 112  30 224   2 391]]
2025-11-05 20:36:15,574 - root - INFO - Salvando informações da época no arquivo CSV
2025-11-05 20:36:15,575 - root - INFO - [EXECUCAO 10] [TUPLA 12] Iniciando wisard
2025-11-05 20:36:15,575 - root - INFO - [EXECUCAO 10] [TUPLA 12] Iniciando modelo da wisard
2025-11-05 20:36:16,805 - root - INFO - [EXECUCAO 10] [TUPLA 12] Iniciando treino do WisardPKG 
2025-11-05 20:37:14,999 - root - INFO - [EXECUCAO 10] [TUPLA 12] Fim do treinamento do WisardPKG. Tempo total do treino: 58.19429397583008
2025-11-05 20:37:15,000 - root - INFO - [EXECUCAO 10] [TUPLA 12] Iniciando teste do WisardPKG 
2025-11-05 20:38:11,875 - root - INFO - [EXECUCAO 10] [TUPLA 12] Fim do teste do WisardPKG . Tempo total de inferência: 56.87453508377075
2025-11-05 20:38:11,876 - root - INFO - [EXECUCAO 10] [TUPLA 12] Execução do modelo  concluída em 115.06882905960083
2025-11-05 20:38:11,876 - root - INFO - [EXECUCAO 10] [TUPLA 12] Tempo de execução do treino: 58.19429397583008
2025-11-05 20:38:11,876 - root - INFO - [EXECUCAO 10] [TUPLA 12] Tempo de execução do teste: 56.87453508377075
2025-11-05 20:38:11,876 - root - INFO - Calculando métricas de desempenho
2025-11-05 20:38:12,008 - root - INFO - 
---------- Métricas ----------
2025-11-05 20:38:12,008 - root - INFO - Accuracy: 0.1953
2025-11-05 20:38:12,009 - root - INFO - Precisão: 0.23340864657496435
2025-11-05 20:38:12,009 - root - INFO - Recall: 0.19529999999999997
2025-11-05 20:38:12,009 - root - INFO - F1: 0.17318068256092026
2025-11-05 20:38:12,009 - root - INFO - Matriz de confusão:
[[161 165  79  51  34  92  48 187  32 151]
 [ 11 352   4  50  18 132  60 128  12 233]
 [ 58 169  54  79  50 157  70 218  10 135]
 [  9 105  13 105  37 280  58 205   3 185]
 [ 15 147  22  85  44 193  68 246  10 170]
 [  8 105  10  88  27 333  64 223   0 142]
 [ 13 148  18  84  32 256  97 208   5 139]
 [  6 105   9  49  21 179  37 360   3 231]
 [ 52 240  31  87  33 109  51 106  63 228]
 [  5 151   7  63  18 122  25 219   6 384]]
2025-11-05 20:38:12,010 - root - INFO - Salvando informações da época no arquivo CSV
2025-11-05 20:38:12,010 - root - INFO - [EXECUCAO 1] [TUPLA 20] Iniciando wisard
2025-11-05 20:38:12,010 - root - INFO - [EXECUCAO 1] [TUPLA 20] Iniciando modelo da wisard
2025-11-05 20:38:13,123 - root - INFO - [EXECUCAO 1] [TUPLA 20] Iniciando treino do WisardPKG 
2025-11-05 20:39:17,535 - root - INFO - [EXECUCAO 1] [TUPLA 20] Fim do treinamento do WisardPKG. Tempo total do treino: 64.4109992980957
2025-11-05 20:39:17,535 - root - INFO - [EXECUCAO 1] [TUPLA 20] Iniciando teste do WisardPKG 
2025-11-05 20:40:33,365 - root - INFO - [EXECUCAO 1] [TUPLA 20] Fim do teste do WisardPKG . Tempo total de inferência: 75.82918953895569
2025-11-05 20:40:33,366 - root - INFO - [EXECUCAO 1] [TUPLA 20] Execução do modelo  concluída em 140.2401888370514
2025-11-05 20:40:33,366 - root - INFO - [EXECUCAO 1] [TUPLA 20] Tempo de execução do treino: 64.4109992980957
2025-11-05 20:40:33,366 - root - INFO - [EXECUCAO 1] [TUPLA 20] Tempo de execução do teste: 75.82918953895569
2025-11-05 20:40:33,366 - root - INFO - Calculando métricas de desempenho
2025-11-05 20:40:33,493 - root - INFO - 
---------- Métricas ----------
2025-11-05 20:40:33,493 - root - INFO - Accuracy: 0.2262
2025-11-05 20:40:33,493 - root - INFO - Precisão: 0.25219885707789674
2025-11-05 20:40:33,493 - root - INFO - Recall: 0.2262
2025-11-05 20:40:33,493 - root - INFO - F1: 0.21320972885114112
2025-11-05 20:40:33,494 - root - INFO - Matriz de confusão:
[[270 158  78  34  29  83  39 142  54 113]
 [ 28 367  14  54  28 159  64  93  18 175]
 [101 140  98  73  51 160  89 156  24 108]
 [ 26 118  28 137  35 259  73 162   5 157]
 [ 30 153  47  91  68 201  85 164  15 146]
 [ 16  99  22 105  44 363  73 150   5 123]
 [ 20 153  40  75  42 248 146 143   8 125]
 [ 24 116  16  65  32 181  62 334   5 165]
 [100 251  27  78  40 110  39  71 115 169]
 [ 18 153   6  67  27 124  53 180   8 364]]
2025-11-05 20:40:33,494 - root - INFO - Salvando informações da época no arquivo CSV
2025-11-05 20:40:33,495 - root - INFO - [EXECUCAO 2] [TUPLA 20] Iniciando wisard
2025-11-05 20:40:33,495 - root - INFO - [EXECUCAO 2] [TUPLA 20] Iniciando modelo da wisard
2025-11-05 20:40:36,835 - root - INFO - [EXECUCAO 2] [TUPLA 20] Iniciando treino do WisardPKG 
2025-11-05 20:41:36,642 - root - INFO - [EXECUCAO 2] [TUPLA 20] Fim do treinamento do WisardPKG. Tempo total do treino: 59.80653786659241
2025-11-05 20:41:36,643 - root - INFO - [EXECUCAO 2] [TUPLA 20] Iniciando teste do WisardPKG 
2025-11-05 20:42:52,676 - root - INFO - [EXECUCAO 2] [TUPLA 20] Fim do teste do WisardPKG . Tempo total de inferência: 76.03351831436157
2025-11-05 20:42:52,677 - root - INFO - [EXECUCAO 2] [TUPLA 20] Execução do modelo  concluída em 135.84005618095398
2025-11-05 20:42:52,677 - root - INFO - [EXECUCAO 2] [TUPLA 20] Tempo de execução do treino: 59.80653786659241
2025-11-05 20:42:52,678 - root - INFO - [EXECUCAO 2] [TUPLA 20] Tempo de execução do teste: 76.03351831436157
2025-11-05 20:42:52,678 - root - INFO - Calculando métricas de desempenho
2025-11-05 20:42:52,807 - root - INFO - 
---------- Métricas ----------
2025-11-05 20:42:52,807 - root - INFO - Accuracy: 0.2255
2025-11-05 20:42:52,807 - root - INFO - Precisão: 0.244099690474113
2025-11-05 20:42:52,807 - root - INFO - Recall: 0.22549999999999998
2025-11-05 20:42:52,808 - root - INFO - F1: 0.2100492468162325
2025-11-05 20:42:52,808 - root - INFO - Matriz de confusão:
[[268 147  79  34  33  83  46 126  62 122]
 [ 21 359  16  64  27 135  62  98  23 195]
 [115 129  85  81  56 150  90 153  23 118]
 [ 24 105  27 133  34 250  73 174   8 172]
 [ 38 135  35 100  64 182  97 185  14 150]
 [ 15 103  22  98  37 366  77 161   2 119]
 [ 21 133  32  85  60 230 139 141   9 150]
 [ 22 101  19  77  28 154  48 344   5 202]
 [ 92 218  33  66  36 109  49  90 105 202]
 [ 16 158  11  62  29 127  40 157   8 392]]
2025-11-05 20:42:52,808 - root - INFO - Salvando informações da época no arquivo CSV
2025-11-05 20:42:52,809 - root - INFO - [EXECUCAO 3] [TUPLA 20] Iniciando wisard
2025-11-05 20:42:52,809 - root - INFO - [EXECUCAO 3] [TUPLA 20] Iniciando modelo da wisard
2025-11-05 20:42:56,064 - root - INFO - [EXECUCAO 3] [TUPLA 20] Iniciando treino do WisardPKG 
2025-11-05 20:43:56,309 - root - INFO - [EXECUCAO 3] [TUPLA 20] Fim do treinamento do WisardPKG. Tempo total do treino: 60.244585275650024
2025-11-05 20:43:56,310 - root - INFO - [EXECUCAO 3] [TUPLA 20] Iniciando teste do WisardPKG 
2025-11-05 20:45:12,480 - root - INFO - [EXECUCAO 3] [TUPLA 20] Fim do teste do WisardPKG . Tempo total de inferência: 76.16977739334106
2025-11-05 20:45:12,481 - root - INFO - [EXECUCAO 3] [TUPLA 20] Execução do modelo  concluída em 136.4143626689911
2025-11-05 20:45:12,481 - root - INFO - [EXECUCAO 3] [TUPLA 20] Tempo de execução do treino: 60.244585275650024
2025-11-05 20:45:12,481 - root - INFO - [EXECUCAO 3] [TUPLA 20] Tempo de execução do teste: 76.16977739334106
2025-11-05 20:45:12,481 - root - INFO - Calculando métricas de desempenho
2025-11-05 20:45:12,609 - root - INFO - 
---------- Métricas ----------
2025-11-05 20:45:12,609 - root - INFO - Accuracy: 0.2247
2025-11-05 20:45:12,609 - root - INFO - Precisão: 0.24660747346995712
2025-11-05 20:45:12,609 - root - INFO - Recall: 0.22469999999999998
2025-11-05 20:45:12,609 - root - INFO - F1: 0.21117328181900014
2025-11-05 20:45:12,610 - root - INFO - Matriz de confusão:
[[262 134  88  34  31  87  49 158  56 101]
 [ 19 361  14  56  24 149  65 108  18 186]
 [111 135  92  75  58 147  84 157  19 122]
 [ 21 123  29 131  34 249  73 166   6 168]
 [ 33 154  39  97  69 185  90 170  16 147]
 [ 19  89  29 121  41 363  62 157   1 118]
 [ 18 140  37  97  61 220 163 141   6 117]
 [ 24 106  19  67  46 165  58 334   5 176]
 [103 215  39  79  46 103  56  69 104 186]
 [ 14 162  14  74  25 124  52 158   9 368]]
2025-11-05 20:45:12,610 - root - INFO - Salvando informações da época no arquivo CSV
2025-11-05 20:45:12,610 - root - INFO - [EXECUCAO 4] [TUPLA 20] Iniciando wisard
2025-11-05 20:45:12,611 - root - INFO - [EXECUCAO 4] [TUPLA 20] Iniciando modelo da wisard
2025-11-05 20:45:15,955 - root - INFO - [EXECUCAO 4] [TUPLA 20] Iniciando treino do WisardPKG 
2025-11-05 20:46:15,882 - root - INFO - [EXECUCAO 4] [TUPLA 20] Fim do treinamento do WisardPKG. Tempo total do treino: 59.92620301246643
2025-11-05 20:46:15,883 - root - INFO - [EXECUCAO 4] [TUPLA 20] Iniciando teste do WisardPKG 
2025-11-05 20:47:31,593 - root - INFO - [EXECUCAO 4] [TUPLA 20] Fim do teste do WisardPKG . Tempo total de inferência: 75.71005487442017
2025-11-05 20:47:31,594 - root - INFO - [EXECUCAO 4] [TUPLA 20] Execução do modelo  concluída em 135.6362578868866
2025-11-05 20:47:31,594 - root - INFO - [EXECUCAO 4] [TUPLA 20] Tempo de execução do treino: 59.92620301246643
2025-11-05 20:47:31,594 - root - INFO - [EXECUCAO 4] [TUPLA 20] Tempo de execução do teste: 75.71005487442017
2025-11-05 20:47:31,594 - root - INFO - Calculando métricas de desempenho
2025-11-05 20:47:31,727 - root - INFO - 
---------- Métricas ----------
2025-11-05 20:47:31,728 - root - INFO - Accuracy: 0.2223
2025-11-05 20:47:31,728 - root - INFO - Precisão: 0.2459570135233023
2025-11-05 20:47:31,728 - root - INFO - Recall: 0.22230000000000003
2025-11-05 20:47:31,728 - root - INFO - F1: 0.20823807774519038
2025-11-05 20:47:31,728 - root - INFO - Matriz de confusão:
[[258 157  82  31  33  80  45 130  56 128]
 [ 22 371  16  61  28 152  49  82  15 204]
 [102 134  98  98  59 163  84 134  14 114]
 [ 22 122  26 138  39 258  62 148  10 175]
 [ 32 146  58  98  66 178  82 172  14 154]
 [ 17 117  30 101  33 351  87 121   3 140]
 [ 17 135  40 103  46 231 131 137  10 150]
 [ 20 111  15  75  38 178  45 320   6 192]
 [ 85 249  46  71  42 113  37  80 100 177]
 [ 15 170  13  74  27 128  39 139   5 390]]
2025-11-05 20:47:31,728 - root - INFO - Salvando informações da época no arquivo CSV
2025-11-05 20:47:31,729 - root - INFO - [EXECUCAO 5] [TUPLA 20] Iniciando wisard
2025-11-05 20:47:31,729 - root - INFO - [EXECUCAO 5] [TUPLA 20] Iniciando modelo da wisard
2025-11-05 20:47:34,973 - root - INFO - [EXECUCAO 5] [TUPLA 20] Iniciando treino do WisardPKG 
